{"/home/travis/build/npmtest/node-npmtest-phridge/test.js":{"path":"/home/travis/build/npmtest/node-npmtest-phridge/test.js","s":{"1":2,"2":2,"3":2,"4":2,"5":2,"6":2,"7":2,"8":1,"9":2,"10":2,"11":1,"12":1,"13":1,"14":1,"15":2,"16":2,"17":2,"18":2,"19":1,"20":1,"21":2,"22":2,"23":2,"24":1,"25":1,"26":1,"27":1,"28":1,"29":1,"30":1,"31":1,"32":1,"33":1,"34":1,"35":1,"36":1,"37":1,"38":1,"39":2,"40":2,"41":1,"42":2,"43":2,"44":1,"45":2,"46":2,"47":1,"48":2,"49":2,"50":1,"51":1,"52":1,"53":1,"54":1},"b":{"1":[2,1,1,1],"2":[1,1,1,1],"3":[1,1],"4":[1,1],"5":[1,1],"6":[1,1],"7":[1,1],"8":[1,1],"9":[1,1],"10":[1,1,1],"11":[1,1],"12":[1,1],"13":[1,1],"14":[1,1],"15":[1,1],"16":[1,1],"17":[1,1]},"f":{"1":2,"2":2,"3":2,"4":2,"5":2,"6":1,"7":1,"8":1,"9":2,"10":2,"11":2,"12":2,"13":1},"fnMap":{"1":{"name":"(anonymous_1)","line":12,"loc":{"start":{"line":12,"column":1},"end":{"line":12,"column":13}}},"2":{"name":"(anonymous_2)","line":19,"loc":{"start":{"line":19,"column":5},"end":{"line":19,"column":17}}},"3":{"name":"(anonymous_3)","line":23,"loc":{"start":{"line":23,"column":24},"end":{"line":23,"column":36}}},"4":{"name":"(anonymous_4)","line":61,"loc":{"start":{"line":61,"column":5},"end":{"line":61,"column":17}}},"5":{"name":"(anonymous_5)","line":82,"loc":{"start":{"line":82,"column":5},"end":{"line":82,"column":17}}},"6":{"name":"(anonymous_6)","line":91,"loc":{"start":{"line":91,"column":77},"end":{"line":94,"column":10}}},"7":{"name":"(anonymous_7)","line":112,"loc":{"start":{"line":112,"column":83},"end":{"line":115,"column":10}},"skip":true},"8":{"name":"(anonymous_8)","line":123,"loc":{"start":{"line":123,"column":77},"end":{"line":126,"column":10}},"skip":true},"9":{"name":"(anonymous_9)","line":139,"loc":{"start":{"line":139,"column":12},"end":{"line":139,"column":40}},"skip":true},"10":{"name":"(anonymous_10)","line":147,"loc":{"start":{"line":147,"column":77},"end":{"line":150,"column":10}},"skip":true},"11":{"name":"(anonymous_11)","line":158,"loc":{"start":{"line":158,"column":83},"end":{"line":161,"column":10}},"skip":true},"12":{"name":"(anonymous_12)","line":169,"loc":{"start":{"line":169,"column":79},"end":{"line":172,"column":10}},"skip":true},"13":{"name":"(anonymous_13)","line":180,"loc":{"start":{"line":180,"column":75},"end":{"line":183,"column":10}},"skip":true}},"statementMap":{"1":{"start":{"line":12,"column":0},"end":{"line":195,"column":5}},"2":{"start":{"line":14,"column":4},"end":{"line":14,"column":14}},"3":{"start":{"line":19,"column":4},"end":{"line":56,"column":9}},"4":{"start":{"line":21,"column":8},"end":{"line":21,"column":19}},"5":{"start":{"line":23,"column":8},"end":{"line":35,"column":13}},"6":{"start":{"line":24,"column":12},"end":{"line":34,"column":13}},"7":{"start":{"line":25,"column":16},"end":{"line":28,"column":30}},"8":{"start":{"line":30,"column":16},"end":{"line":33,"column":27}},"9":{"start":{"line":37,"column":8},"end":{"line":39,"column":21}},"10":{"start":{"line":40,"column":8},"end":{"line":53,"column":9}},"11":{"start":{"line":43,"column":12},"end":{"line":46,"column":14}},"12":{"start":{"line":47,"column":12},"end":{"line":47,"column":18}},"13":{"start":{"line":50,"column":12},"end":{"line":51,"column":46}},"14":{"start":{"line":52,"column":12},"end":{"line":52,"column":18}},"15":{"start":{"line":55,"column":8},"end":{"line":55,"column":35}},"16":{"start":{"line":61,"column":4},"end":{"line":63,"column":9}},"17":{"start":{"line":62,"column":8},"end":{"line":62,"column":15}},"18":{"start":{"line":64,"column":4},"end":{"line":77,"column":5}},"19":{"start":{"line":70,"column":8},"end":{"line":70,"column":14}},"20":{"start":{"line":76,"column":8},"end":{"line":76,"column":14}},"21":{"start":{"line":82,"column":4},"end":{"line":84,"column":9}},"22":{"start":{"line":83,"column":8},"end":{"line":83,"column":15}},"23":{"start":{"line":85,"column":4},"end":{"line":194,"column":5}},"24":{"start":{"line":91,"column":8},"end":{"line":99,"column":10}},"25":{"start":{"line":98,"column":12},"end":{"line":98,"column":35}},"26":{"start":{"line":102,"column":8},"end":{"line":104,"column":63}},"27":{"start":{"line":105,"column":8},"end":{"line":105,"column":14}},"28":{"start":{"line":112,"column":8},"end":{"line":121,"column":10},"skip":true},"29":{"start":{"line":119,"column":12},"end":{"line":119,"column":55},"skip":true},"30":{"start":{"line":120,"column":12},"end":{"line":120,"column":48},"skip":true},"31":{"start":{"line":123,"column":8},"end":{"line":136,"column":10},"skip":true},"32":{"start":{"line":130,"column":12},"end":{"line":130,"column":76},"skip":true},"33":{"start":{"line":131,"column":12},"end":{"line":131,"column":73},"skip":true},"34":{"start":{"line":132,"column":12},"end":{"line":132,"column":74},"skip":true},"35":{"start":{"line":133,"column":12},"end":{"line":133,"column":79},"skip":true},"36":{"start":{"line":134,"column":12},"end":{"line":134,"column":25},"skip":true},"37":{"start":{"line":135,"column":12},"end":{"line":135,"column":45},"skip":true},"38":{"start":{"line":138,"column":8},"end":{"line":145,"column":14},"skip":true},"39":{"start":{"line":143,"column":16},"end":{"line":143,"column":29},"skip":true},"40":{"start":{"line":144,"column":16},"end":{"line":144,"column":55},"skip":true},"41":{"start":{"line":147,"column":8},"end":{"line":156,"column":10},"skip":true},"42":{"start":{"line":154,"column":12},"end":{"line":154,"column":25},"skip":true},"43":{"start":{"line":155,"column":12},"end":{"line":155,"column":45},"skip":true},"44":{"start":{"line":158,"column":8},"end":{"line":167,"column":10},"skip":true},"45":{"start":{"line":165,"column":12},"end":{"line":165,"column":25},"skip":true},"46":{"start":{"line":166,"column":12},"end":{"line":166,"column":48},"skip":true},"47":{"start":{"line":169,"column":8},"end":{"line":178,"column":10},"skip":true},"48":{"start":{"line":176,"column":12},"end":{"line":176,"column":25},"skip":true},"49":{"start":{"line":177,"column":12},"end":{"line":177,"column":46},"skip":true},"50":{"start":{"line":180,"column":8},"end":{"line":189,"column":10},"skip":true},"51":{"start":{"line":187,"column":12},"end":{"line":187,"column":94},"skip":true},"52":{"start":{"line":188,"column":12},"end":{"line":188,"column":48},"skip":true},"53":{"start":{"line":192,"column":8},"end":{"line":192,"column":35},"skip":true},"54":{"start":{"line":193,"column":8},"end":{"line":193,"column":14},"skip":true}},"branchMap":{"1":{"line":25,"type":"binary-expr","locations":[{"start":{"line":25,"column":23},"end":{"line":25,"column":62}},{"start":{"line":26,"column":20},"end":{"line":26,"column":70}},{"start":{"line":27,"column":20},"end":{"line":27,"column":71}},{"start":{"line":28,"column":20},"end":{"line":28,"column":29}}]},"2":{"line":30,"type":"binary-expr","locations":[{"start":{"line":30,"column":23},"end":{"line":30,"column":37}},{"start":{"line":31,"column":20},"end":{"line":31,"column":61}},{"start":{"line":32,"column":20},"end":{"line":32,"column":70}},{"start":{"line":33,"column":20},"end":{"line":33,"column":26}}]},"3":{"line":37,"type":"cond-expr","locations":[{"start":{"line":38,"column":14},"end":{"line":38,"column":20}},{"start":{"line":39,"column":14},"end":{"line":39,"column":20}}]},"4":{"line":40,"type":"switch","locations":[{"start":{"line":42,"column":8},"end":{"line":47,"column":18}},{"start":{"line":49,"column":8},"end":{"line":52,"column":18}}]},"5":{"line":44,"type":"binary-expr","locations":[{"start":{"line":44,"column":16},"end":{"line":44,"column":44}},{"start":{"line":44,"column":48},"end":{"line":44,"column":66}}]},"6":{"line":50,"type":"binary-expr","locations":[{"start":{"line":50,"column":21},"end":{"line":50,"column":49}},{"start":{"line":50,"column":53},"end":{"line":50,"column":72}}]},"7":{"line":64,"type":"switch","locations":[{"start":{"line":69,"column":4},"end":{"line":70,"column":14}},{"start":{"line":75,"column":4},"end":{"line":76,"column":14}}]},"8":{"line":85,"type":"switch","locations":[{"start":{"line":90,"column":4},"end":{"line":105,"column":14}},{"start":{"line":111,"column":4},"end":{"line":193,"column":14},"skip":true}]},"9":{"line":91,"type":"binary-expr","locations":[{"start":{"line":91,"column":42},"end":{"line":91,"column":73}},{"start":{"line":91,"column":77},"end":{"line":99,"column":9}}]},"10":{"line":102,"type":"binary-expr","locations":[{"start":{"line":102,"column":18},"end":{"line":102,"column":32}},{"start":{"line":103,"column":12},"end":{"line":103,"column":53}},{"start":{"line":104,"column":12},"end":{"line":104,"column":61}}]},"11":{"line":112,"type":"binary-expr","locations":[{"start":{"line":112,"column":45},"end":{"line":112,"column":79},"skip":true},{"start":{"line":112,"column":83},"end":{"line":121,"column":9},"skip":true}]},"12":{"line":123,"type":"binary-expr","locations":[{"start":{"line":123,"column":42},"end":{"line":123,"column":73},"skip":true},{"start":{"line":123,"column":77},"end":{"line":136,"column":9},"skip":true}]},"13":{"line":138,"type":"binary-expr","locations":[{"start":{"line":138,"column":48},"end":{"line":138,"column":85},"skip":true},{"start":{"line":139,"column":12},"end":{"line":145,"column":13},"skip":true}]},"14":{"line":147,"type":"binary-expr","locations":[{"start":{"line":147,"column":42},"end":{"line":147,"column":73},"skip":true},{"start":{"line":147,"column":77},"end":{"line":156,"column":9},"skip":true}]},"15":{"line":158,"type":"binary-expr","locations":[{"start":{"line":158,"column":45},"end":{"line":158,"column":79},"skip":true},{"start":{"line":158,"column":83},"end":{"line":167,"column":9},"skip":true}]},"16":{"line":169,"type":"binary-expr","locations":[{"start":{"line":169,"column":43},"end":{"line":169,"column":75},"skip":true},{"start":{"line":169,"column":79},"end":{"line":178,"column":9},"skip":true}]},"17":{"line":180,"type":"binary-expr","locations":[{"start":{"line":180,"column":41},"end":{"line":180,"column":71},"skip":true},{"start":{"line":180,"column":75},"end":{"line":189,"column":9},"skip":true}]}},"code":["/* istanbul instrument in package npmtest_phridge */","/*jslint","    bitwise: true,","    browser: true,","    maxerr: 8,","    maxlen: 96,","    node: true,","    nomen: true,","    regexp: true,","    stupid: true","*/","(function () {","    'use strict';","    var local;","","","","    // run shared js-env code - pre-init","    (function () {","        // init local","        local = {};","        // init modeJs","        local.modeJs = (function () {","            try {","                return typeof navigator.userAgent === 'string' &&","                    typeof document.querySelector('body') === 'object' &&","                    typeof XMLHttpRequest.prototype.open === 'function' &&","                    'browser';","            } catch (errorCaughtBrowser) {","                return module.exports &&","                    typeof process.versions.node === 'string' &&","                    typeof require('http').createServer === 'function' &&","                    'node';","            }","        }());","        // init global","        local.global = local.modeJs === 'browser'","            ? window","            : global;","        switch (local.modeJs) {","        // re-init local from window.local","        case 'browser':","            local = local.global.utility2.objectSetDefault(","                local.global.utility2_rollup || local.global.local,","                local.global.utility2","            );","            break;","        // re-init local from example.js","        case 'node':","            local = (local.global.utility2_rollup || require('utility2'))","                .requireExampleJsFromReadme();","            break;","        }","        // export local","        local.global.local = local;","    }());","","","","    // run shared js-env code - function","    (function () {","        return;","    }());","    switch (local.modeJs) {","","","","    // run browser js-env code - function","    case 'browser':","        break;","","","","    // run node js-env code - function","    case 'node':","        break;","    }","","","","    // run shared js-env code - post-init","    (function () {","        return;","    }());","    switch (local.modeJs) {","","","","    // run browser js-env code - post-init","    case 'browser':","        local.testCase_browser_nullCase = local.testCase_browser_nullCase || function (","            options,","            onError","        ) {","        /*","         * this function will test browsers's null-case handling-behavior-behavior","         */","            onError(null, options);","        };","","        // run tests","        local.nop(local.modeTest &&","            document.querySelector('#testRunButton1') &&","            document.querySelector('#testRunButton1').click());","        break;","","","","    // run node js-env code - post-init","    /* istanbul ignore next */","    case 'node':","        local.testCase_buildApidoc_default = local.testCase_buildApidoc_default || function (","            options,","            onError","        ) {","        /*","         * this function will test buildApidoc's default handling-behavior-behavior","         */","            options = { modulePathList: module.paths };","            local.buildApidoc(options, onError);","        };","","        local.testCase_buildApp_default = local.testCase_buildApp_default || function (","            options,","            onError","        ) {","        /*","         * this function will test buildApp's default handling-behavior-behavior","         */","            local.testCase_buildReadme_default(options, local.onErrorThrow);","            local.testCase_buildLib_default(options, local.onErrorThrow);","            local.testCase_buildTest_default(options, local.onErrorThrow);","            local.testCase_buildCustomOrg_default(options, local.onErrorThrow);","            options = [];","            local.buildApp(options, onError);","        };","","        local.testCase_buildCustomOrg_default = local.testCase_buildCustomOrg_default ||","            function (options, onError) {","            /*","             * this function will test buildCustomOrg's default handling-behavior","             */","                options = {};","                local.buildCustomOrg(options, onError);","            };","","        local.testCase_buildLib_default = local.testCase_buildLib_default || function (","            options,","            onError","        ) {","        /*","         * this function will test buildLib's default handling-behavior","         */","            options = {};","            local.buildLib(options, onError);","        };","","        local.testCase_buildReadme_default = local.testCase_buildReadme_default || function (","            options,","            onError","        ) {","        /*","         * this function will test buildReadme's default handling-behavior-behavior","         */","            options = {};","            local.buildReadme(options, onError);","        };","","        local.testCase_buildTest_default = local.testCase_buildTest_default || function (","            options,","            onError","        ) {","        /*","         * this function will test buildTest's default handling-behavior","         */","            options = {};","            local.buildTest(options, onError);","        };","","        local.testCase_webpage_default = local.testCase_webpage_default || function (","            options,","            onError","        ) {","        /*","         * this function will test webpage's default handling-behavior","         */","            options = { modeCoverageMerge: true, url: local.serverLocalHost + '?modeTest=1' };","            local.browserTest(options, onError);","        };","","        // run test-server","        local.testRunServer(local);","        break;","    }","}());",""],"l":{"12":2,"14":2,"19":2,"21":2,"23":2,"24":2,"25":2,"30":1,"37":2,"40":2,"43":1,"47":1,"50":1,"52":1,"55":2,"61":2,"62":2,"64":2,"70":1,"76":1,"82":2,"83":2,"85":2,"91":1,"98":1,"102":1,"105":1,"112":1,"119":1,"120":1,"123":1,"130":1,"131":1,"132":1,"133":1,"134":1,"135":1,"138":1,"143":2,"144":2,"147":1,"154":2,"155":2,"158":1,"165":2,"166":2,"169":1,"176":2,"177":2,"180":1,"187":1,"188":1,"192":1,"193":1}},"/home/travis/build/npmtest/node-npmtest-phridge/lib.npmtest_phridge.js":{"path":"/home/travis/build/npmtest/node-npmtest-phridge/lib.npmtest_phridge.js","s":{"1":2,"2":2,"3":2,"4":2,"5":2,"6":2,"7":2,"8":1,"9":2,"10":2,"11":2,"12":2,"13":1,"14":1,"15":1,"16":1},"b":{"1":[2,1,1,1],"2":[1,1,1,1],"3":[1,1],"4":[2,2],"5":[1,1]},"f":{"1":2,"2":2,"3":2},"fnMap":{"1":{"name":"(anonymous_1)","line":12,"loc":{"start":{"line":12,"column":1},"end":{"line":12,"column":13}}},"2":{"name":"(anonymous_2)","line":19,"loc":{"start":{"line":19,"column":5},"end":{"line":19,"column":17}}},"3":{"name":"(anonymous_3)","line":23,"loc":{"start":{"line":23,"column":24},"end":{"line":23,"column":36}}}},"statementMap":{"1":{"start":{"line":12,"column":0},"end":{"line":53,"column":5}},"2":{"start":{"line":14,"column":4},"end":{"line":14,"column":14}},"3":{"start":{"line":19,"column":4},"end":{"line":52,"column":9}},"4":{"start":{"line":21,"column":8},"end":{"line":21,"column":19}},"5":{"start":{"line":23,"column":8},"end":{"line":35,"column":13}},"6":{"start":{"line":24,"column":12},"end":{"line":34,"column":13}},"7":{"start":{"line":25,"column":16},"end":{"line":28,"column":30}},"8":{"start":{"line":30,"column":16},"end":{"line":33,"column":27}},"9":{"start":{"line":37,"column":8},"end":{"line":39,"column":21}},"10":{"start":{"line":41,"column":8},"end":{"line":41,"column":54}},"11":{"start":{"line":43,"column":8},"end":{"line":43,"column":52}},"12":{"start":{"line":45,"column":8},"end":{"line":51,"column":9}},"13":{"start":{"line":46,"column":12},"end":{"line":46,"column":58}},"14":{"start":{"line":48,"column":12},"end":{"line":48,"column":35}},"15":{"start":{"line":49,"column":12},"end":{"line":49,"column":49}},"16":{"start":{"line":50,"column":12},"end":{"line":50,"column":43}}},"branchMap":{"1":{"line":25,"type":"binary-expr","locations":[{"start":{"line":25,"column":23},"end":{"line":25,"column":62}},{"start":{"line":26,"column":20},"end":{"line":26,"column":70}},{"start":{"line":27,"column":20},"end":{"line":27,"column":71}},{"start":{"line":28,"column":20},"end":{"line":28,"column":29}}]},"2":{"line":30,"type":"binary-expr","locations":[{"start":{"line":30,"column":23},"end":{"line":30,"column":37}},{"start":{"line":31,"column":20},"end":{"line":31,"column":61}},{"start":{"line":32,"column":20},"end":{"line":32,"column":70}},{"start":{"line":33,"column":20},"end":{"line":33,"column":26}}]},"3":{"line":37,"type":"cond-expr","locations":[{"start":{"line":38,"column":14},"end":{"line":38,"column":20}},{"start":{"line":39,"column":14},"end":{"line":39,"column":20}}]},"4":{"line":41,"type":"binary-expr","locations":[{"start":{"line":41,"column":16},"end":{"line":41,"column":44}},{"start":{"line":41,"column":48},"end":{"line":41,"column":53}}]},"5":{"line":45,"type":"if","locations":[{"start":{"line":45,"column":8},"end":{"line":45,"column":8}},{"start":{"line":45,"column":8},"end":{"line":45,"column":8}}]}},"code":["/* istanbul instrument in package npmtest_phridge */","/*jslint","    bitwise: true,","    browser: true,","    maxerr: 8,","    maxlen: 96,","    node: true,","    nomen: true,","    regexp: true,","    stupid: true","*/","(function () {","    'use strict';","    var local;","","","","    // run shared js-env code - pre-init","    (function () {","        // init local","        local = {};","        // init modeJs","        local.modeJs = (function () {","            try {","                return typeof navigator.userAgent === 'string' &&","                    typeof document.querySelector('body') === 'object' &&","                    typeof XMLHttpRequest.prototype.open === 'function' &&","                    'browser';","            } catch (errorCaughtBrowser) {","                return module.exports &&","                    typeof process.versions.node === 'string' &&","                    typeof require('http').createServer === 'function' &&","                    'node';","            }","        }());","        // init global","        local.global = local.modeJs === 'browser'","            ? window","            : global;","        // init utility2_rollup","        local = local.global.utility2_rollup || local;","        // init lib","        local.local = local.npmtest_phridge = local;","        // init exports","        if (local.modeJs === 'browser') {","            local.global.utility2_npmtest_phridge = local;","        } else {","            module.exports = local;","            module.exports.__dirname = __dirname;","            module.exports.module = module;","        }","    }());","}());",""],"l":{"12":2,"14":2,"19":2,"21":2,"23":2,"24":2,"25":2,"30":1,"37":2,"41":2,"43":2,"45":2,"46":1,"48":1,"49":1,"50":1}},"/home/travis/build/npmtest/node-npmtest-phridge/example.js":{"path":"/home/travis/build/npmtest/node-npmtest-phridge/example.js","s":{"1":2,"2":2,"3":2,"4":2,"5":2,"6":2,"7":2,"8":1,"9":2,"10":2,"11":2,"12":2,"13":1,"14":2,"15":2,"16":2,"17":2,"18":2,"19":0,"20":2,"21":1,"22":1,"23":1,"24":1,"25":1,"26":0,"27":0,"28":1,"29":1,"30":2,"31":0,"32":0,"33":0,"34":1,"35":2,"36":2,"37":3,"38":3,"39":3,"40":3,"41":0,"42":3,"43":3,"44":3,"45":1,"46":3,"47":1,"48":1,"49":1,"50":1,"51":1,"52":1,"53":1,"54":1,"55":1,"56":1,"57":0,"58":1,"59":6,"60":6,"61":1,"62":2,"63":0,"64":2,"65":1,"66":1,"67":0,"68":0,"69":0,"70":0,"71":0,"72":0,"73":0,"74":0,"75":0,"76":0,"77":0,"78":0,"79":0,"80":0,"81":0,"82":0,"83":0},"b":{"1":[2,1,1,1],"2":[1,1,1,1],"3":[1,1],"4":[2,2],"5":[1,1],"6":[1,1],"7":[2,0],"8":[2,1,1,1,1,1],"9":[0,2,0],"10":[1,1],"11":[2,1,1],"12":[1,0],"13":[0,2],"14":[2,0,0,0,0,0,0],"15":[0,3],"16":[3,0],"17":[1,1],"18":[0,1],"19":[1,2,0,2],"20":[1,0],"21":[1,1],"22":[0,0],"23":[0,0],"24":[0,0],"25":[0,0],"26":[0,0],"27":[0,0],"28":[0,0]},"f":{"1":2,"2":2,"3":2,"4":2,"5":2,"6":2,"7":3,"8":3,"9":3,"10":1,"11":6,"12":0},"fnMap":{"1":{"name":"(anonymous_1)","line":26,"loc":{"start":{"line":26,"column":1},"end":{"line":26,"column":13}}},"2":{"name":"(anonymous_2)","line":33,"loc":{"start":{"line":33,"column":5},"end":{"line":33,"column":17}}},"3":{"name":"(anonymous_3)","line":37,"loc":{"start":{"line":37,"column":24},"end":{"line":37,"column":36}}},"4":{"name":"(anonymous_4)","line":69,"loc":{"start":{"line":69,"column":31},"end":{"line":69,"column":48}},"skip":true},"5":{"name":"(anonymous_5)","line":78,"loc":{"start":{"line":78,"column":26},"end":{"line":78,"column":45}},"skip":true},"6":{"name":"(anonymous_6)","line":123,"loc":{"start":{"line":123,"column":33},"end":{"line":123,"column":48}},"skip":true},"7":{"name":"(anonymous_7)","line":125,"loc":{"start":{"line":125,"column":27},"end":{"line":125,"column":39}},"skip":true},"8":{"name":"(anonymous_8)","line":133,"loc":{"start":{"line":133,"column":59},"end":{"line":133,"column":74}},"skip":true},"9":{"name":"(anonymous_9)","line":143,"loc":{"start":{"line":143,"column":45},"end":{"line":143,"column":62}},"skip":true},"10":{"name":"(anonymous_10)","line":144,"loc":{"start":{"line":144,"column":73},"end":{"line":144,"column":92}},"skip":true},"11":{"name":"(anonymous_11)","line":272,"loc":{"start":{"line":272,"column":51},"end":{"line":272,"column":77}},"skip":true},"12":{"name":"(anonymous_12)","line":315,"loc":{"start":{"line":315,"column":32},"end":{"line":315,"column":61}},"skip":true}},"statementMap":{"1":{"start":{"line":26,"column":0},"end":{"line":326,"column":5}},"2":{"start":{"line":28,"column":4},"end":{"line":28,"column":14}},"3":{"start":{"line":33,"column":4},"end":{"line":60,"column":9}},"4":{"start":{"line":35,"column":8},"end":{"line":35,"column":19}},"5":{"start":{"line":37,"column":8},"end":{"line":49,"column":13}},"6":{"start":{"line":38,"column":12},"end":{"line":48,"column":13}},"7":{"start":{"line":39,"column":16},"end":{"line":42,"column":30}},"8":{"start":{"line":44,"column":16},"end":{"line":47,"column":27}},"9":{"start":{"line":51,"column":8},"end":{"line":53,"column":21}},"10":{"start":{"line":55,"column":8},"end":{"line":57,"column":45}},"11":{"start":{"line":59,"column":8},"end":{"line":59,"column":35}},"12":{"start":{"line":61,"column":4},"end":{"line":325,"column":5}},"13":{"start":{"line":69,"column":8},"end":{"line":121,"column":10},"skip":true},"14":{"start":{"line":70,"column":12},"end":{"line":88,"column":13},"skip":true},"15":{"start":{"line":76,"column":16},"end":{"line":87,"column":19},"skip":true},"16":{"start":{"line":79,"column":20},"end":{"line":86,"column":21},"skip":true},"17":{"start":{"line":82,"column":24},"end":{"line":82,"column":43},"skip":true},"18":{"start":{"line":83,"column":24},"end":{"line":83,"column":30},"skip":true},"19":{"start":{"line":85,"column":24},"end":{"line":85,"column":49},"skip":true},"20":{"start":{"line":89,"column":12},"end":{"line":107,"column":13},"skip":true},"21":{"start":{"line":92,"column":16},"end":{"line":102,"column":17},"skip":true},"22":{"start":{"line":93,"column":20},"end":{"line":93,"column":86},"skip":true},"23":{"start":{"line":94,"column":20},"end":{"line":95,"column":45},"skip":true},"24":{"start":{"line":96,"column":20},"end":{"line":96,"column":42},"skip":true},"25":{"start":{"line":97,"column":20},"end":{"line":97,"column":48},"skip":true},"26":{"start":{"line":100,"column":20},"end":{"line":100,"column":85},"skip":true},"27":{"start":{"line":101,"column":20},"end":{"line":101,"column":96},"skip":true},"28":{"start":{"line":103,"column":16},"end":{"line":103,"column":22},"skip":true},"29":{"start":{"line":106,"column":16},"end":{"line":106,"column":22},"skip":true},"30":{"start":{"line":108,"column":12},"end":{"line":120,"column":13},"skip":true},"31":{"start":{"line":114,"column":16},"end":{"line":119,"column":17},"skip":true},"32":{"start":{"line":116,"column":20},"end":{"line":116,"column":78},"skip":true},"33":{"start":{"line":118,"column":20},"end":{"line":118,"column":47},"skip":true},"34":{"start":{"line":123,"column":8},"end":{"line":141,"column":11},"skip":true},"35":{"start":{"line":124,"column":12},"end":{"line":124,"column":54},"skip":true},"36":{"start":{"line":125,"column":12},"end":{"line":140,"column":14},"skip":true},"37":{"start":{"line":126,"column":16},"end":{"line":126,"column":28},"skip":true},"38":{"start":{"line":127,"column":16},"end":{"line":127,"column":69},"skip":true},"39":{"start":{"line":128,"column":16},"end":{"line":128,"column":75},"skip":true},"40":{"start":{"line":129,"column":16},"end":{"line":131,"column":17},"skip":true},"41":{"start":{"line":130,"column":20},"end":{"line":130,"column":27},"skip":true},"42":{"start":{"line":133,"column":16},"end":{"line":137,"column":36},"skip":true},"43":{"start":{"line":134,"column":20},"end":{"line":136,"column":55},"skip":true},"44":{"start":{"line":139,"column":16},"end":{"line":139,"column":57},"skip":true},"45":{"start":{"line":143,"column":8},"end":{"line":147,"column":11},"skip":true},"46":{"start":{"line":144,"column":12},"end":{"line":146,"column":15},"skip":true},"47":{"start":{"line":145,"column":16},"end":{"line":145,"column":70},"skip":true},"48":{"start":{"line":149,"column":8},"end":{"line":149,"column":31},"skip":true},"49":{"start":{"line":150,"column":8},"end":{"line":150,"column":14},"skip":true},"50":{"start":{"line":158,"column":8},"end":{"line":158,"column":31},"skip":true},"51":{"start":{"line":160,"column":8},"end":{"line":160,"column":33},"skip":true},"52":{"start":{"line":161,"column":8},"end":{"line":161,"column":37},"skip":true},"53":{"start":{"line":162,"column":8},"end":{"line":162,"column":35},"skip":true},"54":{"start":{"line":164,"column":8},"end":{"line":164,"column":50},"skip":true},"55":{"start":{"line":166,"column":8},"end":{"line":256,"column":2},"skip":true},"56":{"start":{"line":258,"column":8},"end":{"line":286,"column":9},"skip":true},"57":{"start":{"line":259,"column":12},"end":{"line":269,"column":14},"skip":true},"58":{"start":{"line":271,"column":12},"end":{"line":285,"column":19},"skip":true},"59":{"start":{"line":274,"column":20},"end":{"line":274,"column":35},"skip":true},"60":{"start":{"line":275,"column":20},"end":{"line":284,"column":21},"skip":true},"61":{"start":{"line":277,"column":24},"end":{"line":277,"column":64},"skip":true},"62":{"start":{"line":279,"column":24},"end":{"line":279,"column":40},"skip":true},"63":{"start":{"line":281,"column":24},"end":{"line":281,"column":40},"skip":true},"64":{"start":{"line":283,"column":24},"end":{"line":283,"column":39},"skip":true},"65":{"start":{"line":288,"column":8},"end":{"line":290,"column":9},"skip":true},"66":{"start":{"line":289,"column":12},"end":{"line":289,"column":18},"skip":true},"67":{"start":{"line":291,"column":8},"end":{"line":293,"column":54},"skip":true},"68":{"start":{"line":296,"column":8},"end":{"line":301,"column":37},"skip":true},"69":{"start":{"line":303,"column":8},"end":{"line":303,"column":82},"skip":true},"70":{"start":{"line":306,"column":8},"end":{"line":308,"column":9},"skip":true},"71":{"start":{"line":307,"column":12},"end":{"line":307,"column":82},"skip":true},"72":{"start":{"line":310,"column":8},"end":{"line":312,"column":9},"skip":true},"73":{"start":{"line":311,"column":12},"end":{"line":311,"column":18},"skip":true},"74":{"start":{"line":313,"column":8},"end":{"line":313,"column":54},"skip":true},"75":{"start":{"line":314,"column":8},"end":{"line":314,"column":69},"skip":true},"76":{"start":{"line":315,"column":8},"end":{"line":323,"column":36},"skip":true},"77":{"start":{"line":316,"column":12},"end":{"line":316,"column":61},"skip":true},"78":{"start":{"line":317,"column":12},"end":{"line":320,"column":13},"skip":true},"79":{"start":{"line":318,"column":16},"end":{"line":318,"column":75},"skip":true},"80":{"start":{"line":319,"column":16},"end":{"line":319,"column":23},"skip":true},"81":{"start":{"line":321,"column":12},"end":{"line":321,"column":38},"skip":true},"82":{"start":{"line":322,"column":12},"end":{"line":322,"column":27},"skip":true},"83":{"start":{"line":324,"column":8},"end":{"line":324,"column":14},"skip":true}},"branchMap":{"1":{"line":39,"type":"binary-expr","locations":[{"start":{"line":39,"column":23},"end":{"line":39,"column":62}},{"start":{"line":40,"column":20},"end":{"line":40,"column":70}},{"start":{"line":41,"column":20},"end":{"line":41,"column":71}},{"start":{"line":42,"column":20},"end":{"line":42,"column":29}}]},"2":{"line":44,"type":"binary-expr","locations":[{"start":{"line":44,"column":23},"end":{"line":44,"column":37}},{"start":{"line":45,"column":20},"end":{"line":45,"column":61}},{"start":{"line":46,"column":20},"end":{"line":46,"column":70}},{"start":{"line":47,"column":20},"end":{"line":47,"column":26}}]},"3":{"line":51,"type":"cond-expr","locations":[{"start":{"line":52,"column":14},"end":{"line":52,"column":20}},{"start":{"line":53,"column":14},"end":{"line":53,"column":20}}]},"4":{"line":55,"type":"binary-expr","locations":[{"start":{"line":55,"column":16},"end":{"line":55,"column":44}},{"start":{"line":55,"column":49},"end":{"line":57,"column":43}}]},"5":{"line":55,"type":"cond-expr","locations":[{"start":{"line":56,"column":14},"end":{"line":56,"column":51}},{"start":{"line":57,"column":14},"end":{"line":57,"column":43}}]},"6":{"line":61,"type":"switch","locations":[{"start":{"line":68,"column":4},"end":{"line":150,"column":14},"skip":true},{"start":{"line":156,"column":4},"end":{"line":324,"column":14},"skip":true}]},"7":{"line":70,"type":"if","locations":[{"start":{"line":70,"column":12},"end":{"line":70,"column":12},"skip":true},{"start":{"line":70,"column":12},"end":{"line":70,"column":12},"skip":true}]},"8":{"line":70,"type":"binary-expr","locations":[{"start":{"line":70,"column":16},"end":{"line":70,"column":22},"skip":true},{"start":{"line":70,"column":27},"end":{"line":70,"column":32},"skip":true},{"start":{"line":71,"column":20},"end":{"line":71,"column":39},"skip":true},{"start":{"line":72,"column":20},"end":{"line":72,"column":49},"skip":true},{"start":{"line":73,"column":20},"end":{"line":73,"column":58},"skip":true},{"start":{"line":74,"column":20},"end":{"line":74,"column":69},"skip":true}]},"9":{"line":79,"type":"switch","locations":[{"start":{"line":80,"column":20},"end":{"line":80,"column":33},"skip":true},{"start":{"line":81,"column":20},"end":{"line":83,"column":30},"skip":true},{"start":{"line":84,"column":20},"end":{"line":85,"column":49},"skip":true}]},"10":{"line":89,"type":"switch","locations":[{"start":{"line":90,"column":12},"end":{"line":103,"column":22},"skip":true},{"start":{"line":105,"column":12},"end":{"line":106,"column":22},"skip":true}]},"11":{"line":89,"type":"binary-expr","locations":[{"start":{"line":89,"column":20},"end":{"line":89,"column":25},"skip":true},{"start":{"line":89,"column":29},"end":{"line":89,"column":48},"skip":true},{"start":{"line":89,"column":52},"end":{"line":89,"column":74},"skip":true}]},"12":{"line":92,"type":"if","locations":[{"start":{"line":92,"column":16},"end":{"line":92,"column":16},"skip":true},{"start":{"line":92,"column":16},"end":{"line":92,"column":16},"skip":true}]},"13":{"line":108,"type":"if","locations":[{"start":{"line":108,"column":12},"end":{"line":108,"column":12},"skip":true},{"start":{"line":108,"column":12},"end":{"line":108,"column":12},"skip":true}]},"14":{"line":108,"type":"binary-expr","locations":[{"start":{"line":108,"column":16},"end":{"line":108,"column":61},"skip":true},{"start":{"line":108,"column":66},"end":{"line":108,"column":72},"skip":true},{"start":{"line":108,"column":77},"end":{"line":108,"column":82},"skip":true},{"start":{"line":109,"column":20},"end":{"line":109,"column":39},"skip":true},{"start":{"line":110,"column":20},"end":{"line":110,"column":49},"skip":true},{"start":{"line":111,"column":20},"end":{"line":111,"column":58},"skip":true},{"start":{"line":112,"column":20},"end":{"line":112,"column":68},"skip":true}]},"15":{"line":129,"type":"if","locations":[{"start":{"line":129,"column":16},"end":{"line":129,"column":16},"skip":true},{"start":{"line":129,"column":16},"end":{"line":129,"column":16},"skip":true}]},"16":{"line":134,"type":"cond-expr","locations":[{"start":{"line":135,"column":26},"end":{"line":135,"column":29},"skip":true},{"start":{"line":136,"column":26},"end":{"line":136,"column":54},"skip":true}]},"17":{"line":164,"type":"binary-expr","locations":[{"start":{"line":164,"column":27},"end":{"line":164,"column":43},"skip":true},{"start":{"line":164,"column":47},"end":{"line":164,"column":49},"skip":true}]},"18":{"line":258,"type":"if","locations":[{"start":{"line":258,"column":8},"end":{"line":258,"column":8},"skip":true},{"start":{"line":258,"column":8},"end":{"line":258,"column":8},"skip":true}]},"19":{"line":275,"type":"switch","locations":[{"start":{"line":276,"column":20},"end":{"line":277,"column":64},"skip":true},{"start":{"line":278,"column":20},"end":{"line":279,"column":40},"skip":true},{"start":{"line":280,"column":20},"end":{"line":281,"column":40},"skip":true},{"start":{"line":282,"column":20},"end":{"line":283,"column":39},"skip":true}]},"20":{"line":288,"type":"if","locations":[{"start":{"line":288,"column":8},"end":{"line":288,"column":8},"skip":true},{"start":{"line":288,"column":8},"end":{"line":288,"column":8},"skip":true}]},"21":{"line":288,"type":"binary-expr","locations":[{"start":{"line":288,"column":12},"end":{"line":288,"column":40},"skip":true},{"start":{"line":288,"column":44},"end":{"line":288,"column":67},"skip":true}]},"22":{"line":292,"type":"binary-expr","locations":[{"start":{"line":292,"column":12},"end":{"line":292,"column":50},"skip":true},{"start":{"line":293,"column":12},"end":{"line":293,"column":53},"skip":true}]},"23":{"line":297,"type":"binary-expr","locations":[{"start":{"line":297,"column":12},"end":{"line":297,"column":65},"skip":true},{"start":{"line":298,"column":12},"end":{"line":301,"column":36},"skip":true}]},"24":{"line":303,"type":"binary-expr","locations":[{"start":{"line":303,"column":43},"end":{"line":303,"column":75},"skip":true},{"start":{"line":303,"column":79},"end":{"line":303,"column":81},"skip":true}]},"25":{"line":306,"type":"if","locations":[{"start":{"line":306,"column":8},"end":{"line":306,"column":8},"skip":true},{"start":{"line":306,"column":8},"end":{"line":306,"column":8},"skip":true}]},"26":{"line":310,"type":"if","locations":[{"start":{"line":310,"column":8},"end":{"line":310,"column":8},"skip":true},{"start":{"line":310,"column":8},"end":{"line":310,"column":8},"skip":true}]},"27":{"line":313,"type":"binary-expr","locations":[{"start":{"line":313,"column":27},"end":{"line":313,"column":43},"skip":true},{"start":{"line":313,"column":47},"end":{"line":313,"column":53},"skip":true}]},"28":{"line":317,"type":"if","locations":[{"start":{"line":317,"column":12},"end":{"line":317,"column":12},"skip":true},{"start":{"line":317,"column":12},"end":{"line":317,"column":12},"skip":true}]}},"code":["/*","example.js","","quickstart example","","instruction","    1. save this script as example.js","    2. run the shell command:","        $ npm install npmtest-phridge && PORT=8081 node example.js","    3. play with the browser-demo on http://127.0.0.1:8081","*/","","","","/* istanbul instrument in package npmtest_phridge */","/*jslint","    bitwise: true,","    browser: true,","    maxerr: 8,","    maxlen: 96,","    node: true,","    nomen: true,","    regexp: true,","    stupid: true","*/","(function () {","    'use strict';","    var local;","","","","    // run shared js-env code - pre-init","    (function () {","        // init local","        local = {};","        // init modeJs","        local.modeJs = (function () {","            try {","                return typeof navigator.userAgent === 'string' &&","                    typeof document.querySelector('body') === 'object' &&","                    typeof XMLHttpRequest.prototype.open === 'function' &&","                    'browser';","            } catch (errorCaughtBrowser) {","                return module.exports &&","                    typeof process.versions.node === 'string' &&","                    typeof require('http').createServer === 'function' &&","                    'node';","            }","        }());","        // init global","        local.global = local.modeJs === 'browser'","            ? window","            : global;","        // init utility2_rollup","        local = local.global.utility2_rollup || (local.modeJs === 'browser'","            ? local.global.utility2_npmtest_phridge","            : global.utility2_moduleExports);","        // export local","        local.global.local = local;","    }());","    switch (local.modeJs) {","","","","    // post-init","    // run browser js-env code - post-init","    /* istanbul ignore next */","    case 'browser':","        local.testRunBrowser = function (event) {","            if (!event || (event &&","                    event.currentTarget &&","                    event.currentTarget.className &&","                    event.currentTarget.className.includes &&","                    event.currentTarget.className.includes('onreset'))) {","                // reset output","                Array.from(","                    document.querySelectorAll('body > .resettable')","                ).forEach(function (element) {","                    switch (element.tagName) {","                    case 'INPUT':","                    case 'TEXTAREA':","                        element.value = '';","                        break;","                    default:","                        element.textContent = '';","                    }","                });","            }","            switch (event && event.currentTarget && event.currentTarget.id) {","            case 'testRunButton1':","                // show tests","                if (document.querySelector('#testReportDiv1').style.display === 'none') {","                    document.querySelector('#testReportDiv1').style.display = 'block';","                    document.querySelector('#testRunButton1').textContent =","                        'hide internal test';","                    local.modeTest = true;","                    local.testRunDefault(local);","                // hide tests","                } else {","                    document.querySelector('#testReportDiv1').style.display = 'none';","                    document.querySelector('#testRunButton1').textContent = 'run internal test';","                }","                break;","            // custom-case","            default:","                break;","            }","            if (document.querySelector('#inputTextareaEval1') && (!event || (event &&","                    event.currentTarget &&","                    event.currentTarget.className &&","                    event.currentTarget.className.includes &&","                    event.currentTarget.className.includes('oneval')))) {","                // try to eval input-code","                try {","                    /*jslint evil: true*/","                    eval(document.querySelector('#inputTextareaEval1').value);","                } catch (errorCaught) {","                    console.error(errorCaught);","                }","            }","        };","        // log stderr and stdout to #outputTextareaStdout1","        ['error', 'log'].forEach(function (key) {","            console[key + '_original'] = console[key];","            console[key] = function () {","                var element;","                console[key + '_original'].apply(console, arguments);","                element = document.querySelector('#outputTextareaStdout1');","                if (!element) {","                    return;","                }","                // append text to #outputTextareaStdout1","                element.value += Array.from(arguments).map(function (arg) {","                    return typeof arg === 'string'","                        ? arg","                        : JSON.stringify(arg, null, 4);","                }).join(' ') + '\\n';","                // scroll textarea to bottom","                element.scrollTop = element.scrollHeight;","            };","        });","        // init event-handling","        ['change', 'click', 'keyup'].forEach(function (event) {","            Array.from(document.querySelectorAll('.on' + event)).forEach(function (element) {","                element.addEventListener(event, local.testRunBrowser);","            });","        });","        // run tests","        local.testRunBrowser();","        break;","","","","    // run node js-env code - post-init","    /* istanbul ignore next */","    case 'node':","        // export local","        module.exports = local;","        // require modules","        local.fs = require('fs');","        local.http = require('http');","        local.url = require('url');","        // init assets","        local.assetsDict = local.assetsDict || {};","        /* jslint-ignore-begin */","        local.assetsDict['/assets.index.template.html'] = '\\","<!doctype html>\\n\\","<html lang=\"en\">\\n\\","<head>\\n\\","<meta charset=\"UTF-8\">\\n\\","<meta name=\"viewport\" content=\"width=device-width, initial-scale=1\">\\n\\","<title>{{env.npm_package_name}} (v{{env.npm_package_version}})</title>\\n\\","<style>\\n\\","/*csslint\\n\\","    box-sizing: false,\\n\\","    universal-selector: false\\n\\","*/\\n\\","* {\\n\\","    box-sizing: border-box;\\n\\","}\\n\\","body {\\n\\","    background: #dde;\\n\\","    font-family: Arial, Helvetica, sans-serif;\\n\\","    margin: 2rem;\\n\\","}\\n\\","body > * {\\n\\","    margin-bottom: 1rem;\\n\\","}\\n\\",".utility2FooterDiv {\\n\\","    margin-top: 20px;\\n\\","    text-align: center;\\n\\","}\\n\\","</style>\\n\\","<style>\\n\\","/*csslint\\n\\","*/\\n\\","textarea {\\n\\","    font-family: monospace;\\n\\","    height: 10rem;\\n\\","    width: 100%;\\n\\","}\\n\\","textarea[readonly] {\\n\\","    background: #ddd;\\n\\","}\\n\\","</style>\\n\\","</head>\\n\\","<body>\\n\\","<!-- utility2-comment\\n\\","<div id=\"ajaxProgressDiv1\" style=\"background: #d00; height: 2px; left: 0; margin: 0; padding: 0; position: fixed; top: 0; transition: background 0.5s, width 1.5s; width: 25%;\"></div>\\n\\","utility2-comment -->\\n\\","<h1>\\n\\","<!-- utility2-comment\\n\\","    <a\\n\\","        {{#if env.npm_package_homepage}}\\n\\","        href=\"{{env.npm_package_homepage}}\"\\n\\","        {{/if env.npm_package_homepage}}\\n\\","        target=\"_blank\"\\n\\","    >\\n\\","utility2-comment -->\\n\\","        {{env.npm_package_name}} (v{{env.npm_package_version}})\\n\\","<!-- utility2-comment\\n\\","    </a>\\n\\","utility2-comment -->\\n\\","</h1>\\n\\","<h3>{{env.npm_package_description}}</h3>\\n\\","<!-- utility2-comment\\n\\","<h4><a download href=\"assets.app.js\">download standalone app</a></h4>\\n\\","<button class=\"onclick onreset\" id=\"testRunButton1\">run internal test</button><br>\\n\\","<div id=\"testReportDiv1\" style=\"display: none;\"></div>\\n\\","utility2-comment -->\\n\\","\\n\\","\\n\\","\\n\\","<label>stderr and stdout</label>\\n\\","<textarea class=\"resettable\" id=\"outputTextareaStdout1\" readonly></textarea>\\n\\","<!-- utility2-comment\\n\\","{{#if isRollup}}\\n\\","<script src=\"assets.app.js\"></script>\\n\\","{{#unless isRollup}}\\n\\","utility2-comment -->\\n\\","<script src=\"assets.utility2.rollup.js\"></script>\\n\\","<script src=\"jsonp.utility2._stateInit?callback=window.utility2._stateInit\"></script>\\n\\","<script src=\"assets.npmtest_phridge.rollup.js\"></script>\\n\\","<script src=\"assets.example.js\"></script>\\n\\","<script src=\"assets.test.js\"></script>\\n\\","<!-- utility2-comment\\n\\","{{/if isRollup}}\\n\\","utility2-comment -->\\n\\","<div class=\"utility2FooterDiv\">\\n\\","    [ this app was created with\\n\\","    <a href=\"https://github.com/kaizhu256/node-utility2\" target=\"_blank\">utility2</a>\\n\\","    ]\\n\\","</div>\\n\\","</body>\\n\\","</html>\\n\\","';","        /* jslint-ignore-end */","        if (local.templateRender) {","            local.assetsDict['/'] = local.templateRender(","                local.assetsDict['/assets.index.template.html'],","                {","                    env: local.objectSetDefault(local.env, {","                        npm_package_description: 'the greatest app in the world!',","                        npm_package_name: 'my-app',","                        npm_package_nameAlias: 'my_app',","                        npm_package_version: '0.0.1'","                    })","                }","            );","        } else {","            local.assetsDict['/'] = local.assetsDict['/assets.index.template.html']","                .replace((/\\{\\{env\\.(\\w+?)\\}\\}/g), function (match0, match1) {","                    // jslint-hack","                    String(match0);","                    switch (match1) {","                    case 'npm_package_description':","                        return 'the greatest app in the world!';","                    case 'npm_package_name':","                        return 'my-app';","                    case 'npm_package_nameAlias':","                        return 'my_app';","                    case 'npm_package_version':","                        return '0.0.1';","                    }","                });","        }","        // run the cli","        if (local.global.utility2_rollup || module !== require.main) {","            break;","        }","        local.assetsDict['/assets.example.js'] =","            local.assetsDict['/assets.example.js'] ||","            local.fs.readFileSync(__filename, 'utf8');","        // bug-workaround - long $npm_package_buildCustomOrg","        /* jslint-ignore-begin */","        local.assetsDict['/assets.npmtest_phridge.rollup.js'] =","            local.assetsDict['/assets.npmtest_phridge.rollup.js'] ||","            local.fs.readFileSync(","                local.npmtest_phridge.__dirname + '/lib.npmtest_phridge.js',","                'utf8'","            ).replace((/^#!/), '//');","        /* jslint-ignore-end */","        local.assetsDict['/favicon.ico'] = local.assetsDict['/favicon.ico'] || '';","        // if $npm_config_timeout_exit exists,","        // then exit this process after $npm_config_timeout_exit ms","        if (Number(process.env.npm_config_timeout_exit)) {","            setTimeout(process.exit, Number(process.env.npm_config_timeout_exit));","        }","        // start server","        if (local.global.utility2_serverHttp1) {","            break;","        }","        process.env.PORT = process.env.PORT || '8081';","        console.error('server starting on port ' + process.env.PORT);","        local.http.createServer(function (request, response) {","            request.urlParsed = local.url.parse(request.url);","            if (local.assetsDict[request.urlParsed.pathname] !== undefined) {","                response.end(local.assetsDict[request.urlParsed.pathname]);","                return;","            }","            response.statusCode = 404;","            response.end();","        }).listen(process.env.PORT);","        break;","    }","}());",""],"l":{"26":2,"28":2,"33":2,"35":2,"37":2,"38":2,"39":2,"44":1,"51":2,"55":2,"59":2,"61":2,"69":1,"70":2,"76":2,"79":2,"82":2,"83":2,"85":1,"89":2,"92":1,"93":1,"94":1,"96":1,"97":1,"100":1,"101":1,"103":1,"106":1,"108":2,"114":1,"116":1,"118":1,"123":1,"124":2,"125":2,"126":3,"127":3,"128":3,"129":3,"130":1,"133":3,"134":3,"139":3,"143":1,"144":3,"145":1,"149":1,"150":1,"158":1,"160":1,"161":1,"162":1,"164":1,"166":1,"258":1,"259":1,"271":1,"274":6,"275":6,"277":1,"279":2,"281":1,"283":2,"288":1,"289":1,"291":1,"296":1,"303":1,"306":1,"307":1,"310":1,"311":1,"313":1,"314":1,"315":1,"316":1,"317":1,"318":1,"319":1,"321":1,"322":1,"324":1}},"/home/travis/build/npmtest/node-npmtest-phridge/node_modules/phridge/lib/main.js":{"path":"/home/travis/build/npmtest/node-npmtest-phridge/node_modules/phridge/lib/main.js","s":{"1":1,"2":1,"3":1},"b":{},"f":{},"fnMap":{},"statementMap":{"1":{"start":{"line":1,"column":0},"end":{"line":1,"column":40}},"2":{"start":{"line":2,"column":0},"end":{"line":2,"column":38}},"3":{"start":{"line":3,"column":0},"end":{"line":3,"column":48}}},"branchMap":{},"code":["exports.config = require(\"./config.js\");","exports.spawn = require(\"./spawn.js\");","exports.disposeAll = require(\"./disposeAll.js\");"],"l":{"1":1,"2":1,"3":1}},"/home/travis/build/npmtest/node-npmtest-phridge/node_modules/phridge/lib/config.js":{"path":"/home/travis/build/npmtest/node-npmtest-phridge/node_modules/phridge/lib/config.js","s":{"1":1},"b":{},"f":{},"fnMap":{},"statementMap":{"1":{"start":{"line":3,"column":0},"end":{"line":19,"column":2}}},"branchMap":{},"code":["\"use strict\";","","module.exports = {","    /**","     * A writable stream where phridge will pipe PhantomJS' stdout messages.","     *","     * @type {stream.Writable}","     * @default process.stdout","     */","    stdout: process.stdout,","","    /**","     * A writable stream where phridge will pipe PhantomJS' stderr messages.","     *","     * @type {stream.Writable}","     * @default process.stderr","     */","    stderr: process.stderr","};"],"l":{"3":1}},"/home/travis/build/npmtest/node-npmtest-phridge/node_modules/phridge/lib/spawn.js":{"path":"/home/travis/build/npmtest/node-npmtest-phridge/node_modules/phridge/lib/spawn.js","s":{"1":1,"2":1,"3":1,"4":1,"5":1,"6":1,"7":1,"8":1,"9":1,"10":1,"11":1,"12":1,"13":1,"14":1,"15":1,"16":0,"17":0,"18":0,"19":0,"20":0,"21":0,"22":0,"23":0,"24":0,"25":0,"26":0,"27":0,"28":0,"29":0,"30":0,"31":0,"32":0,"33":0,"34":1,"35":0,"36":0,"37":0,"38":0,"39":0,"40":0,"41":1,"42":0,"43":0,"44":0,"45":0,"46":0,"47":0,"48":0,"49":0,"50":0,"51":0,"52":0,"53":0,"54":0,"55":0,"56":1,"57":0,"58":0,"59":0,"60":0,"61":1,"62":0,"63":0,"64":0,"65":0,"66":0,"67":1},"b":{"1":[0,0],"2":[0,0],"3":[0,0],"4":[0,0]},"f":{"1":0,"2":0,"3":0,"4":0,"5":0,"6":0,"7":0,"8":0,"9":0,"10":0,"11":0,"12":0},"fnMap":{"1":{"name":"spawn","line":27,"loc":{"start":{"line":27,"column":0},"end":{"line":27,"column":32}}},"2":{"name":"writeConfig","line":46,"loc":{"start":{"line":46,"column":14},"end":{"line":46,"column":41}}},"3":{"name":"filterCliStyle","line":52,"loc":{"start":{"line":52,"column":24},"end":{"line":52,"column":59}}},"4":{"name":"returnConfigValue","line":55,"loc":{"start":{"line":55,"column":21},"end":{"line":55,"column":59}}},"5":{"name":"(anonymous_5)","line":64,"loc":{"start":{"line":64,"column":22},"end":{"line":64,"column":34}}},"6":{"name":"startPhantom","line":71,"loc":{"start":{"line":71,"column":14},"end":{"line":71,"column":38}}},"7":{"name":"(anonymous_7)","line":72,"loc":{"start":{"line":72,"column":31},"end":{"line":72,"column":58}}},"8":{"name":"onStdout","line":73,"loc":{"start":{"line":73,"column":16},"end":{"line":73,"column":41}}},"9":{"name":"onStderr","line":87,"loc":{"start":{"line":87,"column":16},"end":{"line":87,"column":41}},"skip":true},"10":{"name":"(anonymous_10)","line":123,"loc":{"start":{"line":123,"column":14},"end":{"line":123,"column":26}}},"11":{"name":"prepareChildProcess","line":136,"loc":{"start":{"line":136,"column":0},"end":{"line":136,"column":43}}},"12":{"name":"disposeChildProcess","line":150,"loc":{"start":{"line":150,"column":0},"end":{"line":150,"column":31}}}},"statementMap":{"1":{"start":{"line":3,"column":0},"end":{"line":3,"column":44}},"2":{"start":{"line":4,"column":0},"end":{"line":4,"column":46}},"3":{"start":{"line":5,"column":0},"end":{"line":5,"column":36}},"4":{"start":{"line":6,"column":0},"end":{"line":6,"column":23}},"5":{"start":{"line":7,"column":0},"end":{"line":7,"column":27}},"6":{"start":{"line":8,"column":0},"end":{"line":8,"column":27}},"7":{"start":{"line":9,"column":0},"end":{"line":9,"column":38}},"8":{"start":{"line":10,"column":0},"end":{"line":10,"column":44}},"9":{"start":{"line":11,"column":0},"end":{"line":11,"column":32}},"10":{"start":{"line":13,"column":0},"end":{"line":13,"column":64}},"11":{"start":{"line":14,"column":0},"end":{"line":14,"column":35}},"12":{"start":{"line":15,"column":0},"end":{"line":15,"column":27}},"13":{"start":{"line":16,"column":0},"end":{"line":16,"column":27}},"14":{"start":{"line":17,"column":0},"end":{"line":17,"column":43}},"15":{"start":{"line":27,"column":0},"end":{"line":126,"column":1}},"16":{"start":{"line":28,"column":4},"end":{"line":28,"column":13}},"17":{"start":{"line":29,"column":4},"end":{"line":29,"column":19}},"18":{"start":{"line":30,"column":4},"end":{"line":30,"column":15}},"19":{"start":{"line":31,"column":4},"end":{"line":31,"column":15}},"20":{"start":{"line":32,"column":4},"end":{"line":32,"column":14}},"21":{"start":{"line":34,"column":4},"end":{"line":34,"column":44}},"22":{"start":{"line":39,"column":4},"end":{"line":39,"column":27}},"23":{"start":{"line":40,"column":4},"end":{"line":40,"column":27}},"24":{"start":{"line":45,"column":4},"end":{"line":125,"column":11}},"25":{"start":{"line":47,"column":12},"end":{"line":47,"column":35}},"26":{"start":{"line":51,"column":12},"end":{"line":61,"column":19}},"27":{"start":{"line":53,"column":20},"end":{"line":53,"column":55}},"28":{"start":{"line":56,"column":20},"end":{"line":56,"column":65}},"29":{"start":{"line":58,"column":20},"end":{"line":58,"column":54}},"30":{"start":{"line":60,"column":20},"end":{"line":60,"column":57}},"31":{"start":{"line":63,"column":12},"end":{"line":66,"column":19}},"32":{"start":{"line":65,"column":20},"end":{"line":65,"column":42}},"33":{"start":{"line":72,"column":12},"end":{"line":118,"column":15}},"34":{"start":{"line":73,"column":16},"end":{"line":84,"column":17}},"35":{"start":{"line":74,"column":20},"end":{"line":74,"column":57}},"36":{"start":{"line":76,"column":20},"end":{"line":76,"column":66}},"37":{"start":{"line":77,"column":20},"end":{"line":77,"column":66}},"38":{"start":{"line":79,"column":20},"end":{"line":83,"column":21}},"39":{"start":{"line":80,"column":24},"end":{"line":80,"column":34}},"40":{"start":{"line":82,"column":24},"end":{"line":82,"column":51}},"41":{"start":{"line":87,"column":16},"end":{"line":94,"column":17},"skip":true},"42":{"start":{"line":88,"column":20},"end":{"line":88,"column":57},"skip":true},"43":{"start":{"line":90,"column":20},"end":{"line":90,"column":66},"skip":true},"44":{"start":{"line":91,"column":20},"end":{"line":91,"column":66},"skip":true},"45":{"start":{"line":93,"column":20},"end":{"line":93,"column":47},"skip":true},"46":{"start":{"line":96,"column":16},"end":{"line":100,"column":18}},"47":{"start":{"line":102,"column":16},"end":{"line":102,"column":65}},"48":{"start":{"line":104,"column":16},"end":{"line":104,"column":43}},"49":{"start":{"line":106,"column":16},"end":{"line":106,"column":50}},"50":{"start":{"line":107,"column":16},"end":{"line":107,"column":50}},"51":{"start":{"line":112,"column":16},"end":{"line":114,"column":17}},"52":{"start":{"line":113,"column":20},"end":{"line":113,"column":67}},"53":{"start":{"line":115,"column":16},"end":{"line":117,"column":17}},"54":{"start":{"line":116,"column":20},"end":{"line":116,"column":62}},"55":{"start":{"line":124,"column":12},"end":{"line":124,"column":38}},"56":{"start":{"line":136,"column":0},"end":{"line":142,"column":1}},"57":{"start":{"line":137,"column":4},"end":{"line":137,"column":53}},"58":{"start":{"line":139,"column":4},"end":{"line":139,"column":54}},"59":{"start":{"line":140,"column":4},"end":{"line":140,"column":46}},"60":{"start":{"line":141,"column":4},"end":{"line":141,"column":49}},"61":{"start":{"line":150,"column":0},"end":{"line":157,"column":1}},"62":{"start":{"line":151,"column":4},"end":{"line":151,"column":28}},"63":{"start":{"line":153,"column":4},"end":{"line":153,"column":46}},"64":{"start":{"line":154,"column":4},"end":{"line":154,"column":32}},"65":{"start":{"line":155,"column":4},"end":{"line":155,"column":50}},"66":{"start":{"line":156,"column":4},"end":{"line":156,"column":36}},"67":{"start":{"line":159,"column":0},"end":{"line":159,"column":23}}},"branchMap":{"1":{"line":34,"type":"binary-expr","locations":[{"start":{"line":34,"column":22},"end":{"line":34,"column":37}},{"start":{"line":34,"column":41},"end":{"line":34,"column":43}}]},"2":{"line":79,"type":"if","locations":[{"start":{"line":79,"column":20},"end":{"line":79,"column":20}},{"start":{"line":79,"column":20},"end":{"line":79,"column":20}}]},"3":{"line":112,"type":"if","locations":[{"start":{"line":112,"column":16},"end":{"line":112,"column":16}},{"start":{"line":112,"column":16},"end":{"line":112,"column":16}}]},"4":{"line":115,"type":"if","locations":[{"start":{"line":115,"column":16},"end":{"line":115,"column":16}},{"start":{"line":115,"column":16},"end":{"line":115,"column":16}}]}},"code":["\"use strict\";","","var childProcess = require(\"child_process\");","var phantomjs = require(\"phantomjs-prebuilt\");","var config = require(\"./config.js\");","var fs = require(\"fs\");","var temp = require(\"temp\");","var path = require(\"path\");","var Phantom = require(\"./Phantom.js\");","var forkStdout = require(\"./forkStdout.js\");","var lift = require(\"./lift.js\");","","var startScript = path.resolve(__dirname, \"./phantom/start.js\");","var writeFile = lift(fs.writeFile);","var close = lift(fs.close);","var open = lift(temp.open);","var initialMessage = \"message to node: hi\";","","/**"," * Spawns a new PhantomJS process with the given phantom config. Returns a Promises/A+ compliant promise"," * which resolves when the process is ready to execute commands."," *"," * @see http://phantomjs.org/api/command-line.html"," * @param {Object} phantomJsConfig"," * @returns {Promise}"," */","function spawn(phantomJsConfig) {","    var args;","    var configPath;","    var stdout;","    var stderr;","    var child;","","    phantomJsConfig = phantomJsConfig || {};","","    // Saving a reference of the current stdout and stderr because this is (probably) the expected behaviour.","    // If we wouldn't save a reference, the config of a later state would be applied because we have to","    // do asynchronous tasks before piping the streams.","    stdout = config.stdout;","    stderr = config.stderr;","","    /**","     * Step 1: Write the config","     */","    return open(null)","        .then(function writeConfig(info) {","            configPath = info.path;","","            // Pass config items in CLI style (--some-config) separately to avoid Phantom's JSON config bugs","            // @see https://github.com/peerigon/phridge/issues/31","            args = Object.keys(phantomJsConfig)","                .filter(function filterCliStyle(configKey) {","                    return configKey.charAt(0) === \"-\";","                })","                .map(function returnConfigValue(configKey) {","                    var configValue = phantomJsConfig[configKey];","","                    delete phantomJsConfig[configKey];","","                    return configKey + \"=\" + configValue;","                });","","            return writeFile(info.path, JSON.stringify(phantomJsConfig))","                .then(function () {","                    return close(info.fd);","                });","        })","    /**","     * Step 2: Start PhantomJS with the config path and pipe stderr and stdout.","     */","        .then(function startPhantom() {","            return new Promise(function (resolve, reject) {","                function onStdout(chunk) {","                    var message = chunk.toString(\"utf8\");","","                    child.stdout.removeListener(\"data\", onStdout);","                    child.stderr.removeListener(\"data\", onStderr);","","                    if (message.slice(0, initialMessage.length) === initialMessage) {","                        resolve();","                    } else {","                        reject(new Error(message));","                    }","                }","","                // istanbul ignore next because there is no way to trigger stderr artificially in a test","                function onStderr(chunk) {","                    var message = chunk.toString(\"utf8\");","","                    child.stdout.removeListener(\"data\", onStdout);","                    child.stderr.removeListener(\"data\", onStderr);","","                    reject(new Error(message));","                }","","                args.push(","                  \"--config=\" + configPath,","                  startScript,","                  configPath","                );","","                child = childProcess.spawn(phantomjs.path, args);","","                prepareChildProcess(child);","","                child.stdout.on(\"data\", onStdout);","                child.stderr.on(\"data\", onStderr);","","                // Our destination streams should not be ended if the childProcesses exists","                // thus { end: false }","                // @see https://github.com/peerigon/phridge/issues/27","                if (stdout) {","                    child.cleanStdout.pipe(stdout, { end: false });","                }","                if (stderr) {","                    child.stderr.pipe(stderr, { end: false });","                }","            });","        })","    /**","     * Step 3: Create the actual Phantom-instance and return it.","     */","        .then(function () {","            return new Phantom(child);","        });","}","","/**"," * Prepares childProcess' stdout for communication with phridge. The childProcess gets two new properties:"," * - phridge: A stream which provides all messages to the phridge module"," * - cleanStdout: A stream which provides all the other data piped to stdout."," *"," * @param {child_process.ChildProcess} childProcess"," * @private"," */","function prepareChildProcess(childProcess) {","    var stdoutFork = forkStdout(childProcess.stdout);","","    childProcess.cleanStdout = stdoutFork.cleanStdout;","    childProcess.phridge = stdoutFork.phridge;","    childProcess.on(\"exit\", disposeChildProcess);","}","","/**"," * Clean up our childProcess extensions"," *"," * @private"," * @this ChildProcess"," */","function disposeChildProcess() {","    var childProcess = this;","","    childProcess.phridge.removeAllListeners();","    childProcess.phridge = null;","    childProcess.cleanStdout.removeAllListeners();","    childProcess.cleanStdout = null;","}","","module.exports = spawn;",""],"l":{"3":1,"4":1,"5":1,"6":1,"7":1,"8":1,"9":1,"10":1,"11":1,"13":1,"14":1,"15":1,"16":1,"17":1,"27":1,"28":0,"29":0,"30":0,"31":0,"32":0,"34":0,"39":0,"40":0,"45":0,"47":0,"51":0,"53":0,"56":0,"58":0,"60":0,"63":0,"65":0,"72":0,"73":1,"74":0,"76":0,"77":0,"79":0,"80":0,"82":0,"87":1,"88":1,"90":1,"91":1,"93":1,"96":0,"102":0,"104":0,"106":0,"107":0,"112":0,"113":0,"115":0,"116":0,"124":0,"136":1,"137":0,"139":0,"140":0,"141":0,"150":1,"151":0,"153":0,"154":0,"155":0,"156":0,"159":1}},"/home/travis/build/npmtest/node-npmtest-phridge/node_modules/phridge/lib/Phantom.js":{"path":"/home/travis/build/npmtest/node-npmtest-phridge/node_modules/phridge/lib/Phantom.js","s":{"1":1,"2":1,"3":1,"4":1,"5":1,"6":1,"7":1,"8":1,"9":1,"10":1,"11":1,"12":0,"13":1,"14":1,"15":1,"16":1,"17":1,"18":1,"19":1,"20":1,"21":0,"22":0,"23":0,"24":0,"25":0,"26":0,"27":0,"28":0,"29":0,"30":0,"31":0,"32":0,"33":0,"34":0,"35":1,"36":0,"37":0,"38":0,"39":0,"40":0,"41":0,"42":1,"43":0,"44":0,"45":1,"46":0,"47":0,"48":0,"49":1,"50":0,"51":0,"52":0,"53":0,"54":0,"55":0,"56":0,"57":0,"58":0,"59":0,"60":0,"61":1,"62":0,"63":0,"64":0,"65":0,"66":0,"67":0,"68":0,"69":0,"70":0,"71":1,"72":0,"73":1,"74":0,"75":0,"76":0,"77":0,"78":0,"79":0,"80":0,"81":0,"82":0,"83":1,"84":0,"85":0,"86":0,"87":0,"88":0,"89":0,"90":0,"91":0,"92":0,"93":0,"94":0,"95":0,"96":1,"97":0,"98":0,"99":0,"100":0,"101":0,"102":1,"103":0,"104":0,"105":0,"106":0,"107":0,"108":0,"109":1,"110":0,"111":0,"112":0,"113":0,"114":0,"115":0,"116":0,"117":0,"118":0,"119":0,"120":0,"121":0,"122":0,"123":1,"124":0,"125":0,"126":0,"127":0,"128":0,"129":0,"130":0,"131":0,"132":0,"133":0,"134":0,"135":0,"136":1,"137":0,"138":0,"139":0,"140":0,"141":0,"142":1},"b":{"1":[0,0],"2":[0,0],"3":[0,0],"4":[0,0],"5":[0,0],"6":[0,0],"7":[0,0],"8":[0,0],"9":[0,0],"10":[0,0],"11":[0,0],"12":[0,0],"13":[0,0],"14":[0,0],"15":[0,0],"16":[0,0]},"f":{"1":0,"2":0,"3":0,"4":0,"5":0,"6":0,"7":0,"8":0,"9":0,"10":0,"11":0,"12":0,"13":0,"14":0,"15":0,"16":0,"17":0,"18":0,"19":0,"20":0},"fnMap":{"1":{"name":"Phantom","line":21,"loc":{"start":{"line":21,"column":0},"end":{"line":21,"column":31}}},"2":{"name":"(anonymous_2)","line":82,"loc":{"start":{"line":82,"column":32},"end":{"line":82,"column":56}}},"3":{"name":"(anonymous_3)","line":115,"loc":{"start":{"line":115,"column":24},"end":{"line":115,"column":44}}},"4":{"name":"(anonymous_4)","line":120,"loc":{"start":{"line":120,"column":23},"end":{"line":120,"column":50}}},"5":{"name":"(anonymous_5)","line":141,"loc":{"start":{"line":141,"column":31},"end":{"line":141,"column":43}}},"6":{"name":"(anonymous_6)","line":153,"loc":{"start":{"line":153,"column":29},"end":{"line":153,"column":44}}},"7":{"name":"(anonymous_7)","line":157,"loc":{"start":{"line":157,"column":14},"end":{"line":157,"column":26}}},"8":{"name":"(anonymous_8)","line":168,"loc":{"start":{"line":168,"column":28},"end":{"line":168,"column":40}}},"9":{"name":"dispose","line":171,"loc":{"start":{"line":171,"column":23},"end":{"line":171,"column":57}}},"10":{"name":"(anonymous_10)","line":198,"loc":{"start":{"line":198,"column":26},"end":{"line":198,"column":55}}},"11":{"name":"(anonymous_11)","line":201,"loc":{"start":{"line":201,"column":23},"end":{"line":201,"column":50}}},"12":{"name":"(anonymous_12)","line":228,"loc":{"start":{"line":228,"column":27},"end":{"line":228,"column":46}}},"13":{"name":"(anonymous_13)","line":238,"loc":{"start":{"line":238,"column":29},"end":{"line":238,"column":48}}},"14":{"name":"(anonymous_14)","line":268,"loc":{"start":{"line":268,"column":37},"end":{"line":268,"column":56}}},"15":{"name":"(anonymous_15)","line":299,"loc":{"start":{"line":299,"column":34},"end":{"line":299,"column":46}}},"16":{"name":"(anonymous_16)","line":319,"loc":{"start":{"line":319,"column":32},"end":{"line":319,"column":44}}},"17":{"name":"(anonymous_17)","line":337,"loc":{"start":{"line":337,"column":31},"end":{"line":337,"column":43}}},"18":{"name":"forEachPendingDeferred","line":354,"loc":{"start":{"line":354,"column":35},"end":{"line":354,"column":71}}},"19":{"name":"(anonymous_19)","line":371,"loc":{"start":{"line":371,"column":39},"end":{"line":371,"column":56}}},"20":{"name":"runGuard","line":401,"loc":{"start":{"line":401,"column":0},"end":{"line":401,"column":20}}}},"statementMap":{"1":{"start":{"line":3,"column":0},"end":{"line":3,"column":50}},"2":{"start":{"line":4,"column":0},"end":{"line":4,"column":23}},"3":{"start":{"line":5,"column":0},"end":{"line":5,"column":42}},"4":{"start":{"line":6,"column":0},"end":{"line":6,"column":32}},"5":{"start":{"line":7,"column":0},"end":{"line":7,"column":46}},"6":{"start":{"line":8,"column":0},"end":{"line":8,"column":53}},"7":{"start":{"line":10,"column":0},"end":{"line":10,"column":15}},"8":{"start":{"line":11,"column":0},"end":{"line":11,"column":34}},"9":{"start":{"line":12,"column":0},"end":{"line":12,"column":23}},"10":{"start":{"line":13,"column":0},"end":{"line":13,"column":22}},"11":{"start":{"line":21,"column":0},"end":{"line":23,"column":1}},"12":{"start":{"line":22,"column":4},"end":{"line":22,"column":57}},"13":{"start":{"line":25,"column":0},"end":{"line":25,"column":58}},"14":{"start":{"line":32,"column":0},"end":{"line":32,"column":38}},"15":{"start":{"line":40,"column":0},"end":{"line":40,"column":38}},"16":{"start":{"line":48,"column":0},"end":{"line":48,"column":40}},"17":{"start":{"line":57,"column":0},"end":{"line":57,"column":31}},"18":{"start":{"line":66,"column":0},"end":{"line":66,"column":43}},"19":{"start":{"line":75,"column":0},"end":{"line":75,"column":42}},"20":{"start":{"line":82,"column":0},"end":{"line":104,"column":2}},"21":{"start":{"line":83,"column":4},"end":{"line":83,"column":28}},"22":{"start":{"line":85,"column":4},"end":{"line":85,"column":45}},"23":{"start":{"line":86,"column":4},"end":{"line":86,"column":41}},"24":{"start":{"line":87,"column":4},"end":{"line":87,"column":49}},"25":{"start":{"line":88,"column":4},"end":{"line":88,"column":65}},"26":{"start":{"line":90,"column":4},"end":{"line":90,"column":37}},"27":{"start":{"line":91,"column":4},"end":{"line":91,"column":32}},"28":{"start":{"line":93,"column":4},"end":{"line":93,"column":25}},"29":{"start":{"line":96,"column":4},"end":{"line":96,"column":51}},"30":{"start":{"line":99,"column":4},"end":{"line":99,"column":53}},"31":{"start":{"line":100,"column":4},"end":{"line":100,"column":54}},"32":{"start":{"line":101,"column":4},"end":{"line":101,"column":60}},"33":{"start":{"line":102,"column":4},"end":{"line":102,"column":61}},"34":{"start":{"line":103,"column":4},"end":{"line":103,"column":61}},"35":{"start":{"line":115,"column":0},"end":{"line":134,"column":2}},"36":{"start":{"line":116,"column":4},"end":{"line":116,"column":20}},"37":{"start":{"line":118,"column":4},"end":{"line":118,"column":21}},"38":{"start":{"line":120,"column":4},"end":{"line":133,"column":7}},"39":{"start":{"line":121,"column":8},"end":{"line":121,"column":32}},"40":{"start":{"line":122,"column":8},"end":{"line":122,"column":24}},"41":{"start":{"line":124,"column":8},"end":{"line":132,"column":32}},"42":{"start":{"line":141,"column":0},"end":{"line":145,"column":2}},"43":{"start":{"line":142,"column":4},"end":{"line":142,"column":20}},"44":{"start":{"line":144,"column":4},"end":{"line":144,"column":36}},"45":{"start":{"line":153,"column":0},"end":{"line":160,"column":2}},"46":{"start":{"line":154,"column":4},"end":{"line":154,"column":33}},"47":{"start":{"line":156,"column":4},"end":{"line":159,"column":11}},"48":{"start":{"line":158,"column":12},"end":{"line":158,"column":24}},"49":{"start":{"line":168,"column":0},"end":{"line":188,"column":2}},"50":{"start":{"line":169,"column":4},"end":{"line":169,"column":20}},"51":{"start":{"line":171,"column":4},"end":{"line":187,"column":7}},"52":{"start":{"line":172,"column":8},"end":{"line":175,"column":9}},"53":{"start":{"line":173,"column":12},"end":{"line":173,"column":22}},"54":{"start":{"line":174,"column":12},"end":{"line":174,"column":19}},"55":{"start":{"line":178,"column":8},"end":{"line":178,"column":74}},"56":{"start":{"line":179,"column":8},"end":{"line":179,"column":54}},"57":{"start":{"line":180,"column":8},"end":{"line":180,"column":46}},"58":{"start":{"line":182,"column":8},"end":{"line":182,"column":34}},"59":{"start":{"line":184,"column":8},"end":{"line":184,"column":59}},"60":{"start":{"line":186,"column":8},"end":{"line":186,"column":27}},"61":{"start":{"line":198,"column":0},"end":{"line":219,"column":2}},"62":{"start":{"line":199,"column":4},"end":{"line":199,"column":20}},"63":{"start":{"line":201,"column":4},"end":{"line":218,"column":7}},"64":{"start":{"line":202,"column":8},"end":{"line":205,"column":24}},"65":{"start":{"line":206,"column":8},"end":{"line":206,"column":37}},"66":{"start":{"line":208,"column":8},"end":{"line":211,"column":10}},"67":{"start":{"line":212,"column":8},"end":{"line":214,"column":9}},"68":{"start":{"line":213,"column":12},"end":{"line":213,"column":33}},"69":{"start":{"line":215,"column":8},"end":{"line":215,"column":24}},"70":{"start":{"line":217,"column":8},"end":{"line":217,"column":29}},"71":{"start":{"line":228,"column":0},"end":{"line":230,"column":2}},"72":{"start":{"line":229,"column":4},"end":{"line":229,"column":76}},"73":{"start":{"line":238,"column":0},"end":{"line":260,"column":2}},"74":{"start":{"line":240,"column":4},"end":{"line":242,"column":5}},"75":{"start":{"line":241,"column":8},"end":{"line":241,"column":15}},"76":{"start":{"line":247,"column":4},"end":{"line":247,"column":34}},"77":{"start":{"line":250,"column":4},"end":{"line":258,"column":5}},"78":{"start":{"line":251,"column":8},"end":{"line":251,"column":35}},"79":{"start":{"line":254,"column":8},"end":{"line":256,"column":9}},"80":{"start":{"line":255,"column":12},"end":{"line":255,"column":33}},"81":{"start":{"line":257,"column":8},"end":{"line":257,"column":15}},"82":{"start":{"line":259,"column":4},"end":{"line":259,"column":35}},"83":{"start":{"line":268,"column":0},"end":{"line":291,"column":2}},"84":{"start":{"line":269,"column":4},"end":{"line":269,"column":17}},"85":{"start":{"line":271,"column":4},"end":{"line":271,"column":50}},"86":{"start":{"line":274,"column":4},"end":{"line":281,"column":5},"skip":true},"87":{"start":{"line":276,"column":8},"end":{"line":280,"column":9},"skip":true},"88":{"start":{"line":277,"column":12},"end":{"line":277,"column":109},"skip":true},"89":{"start":{"line":278,"column":15},"end":{"line":280,"column":9},"skip":true},"90":{"start":{"line":279,"column":12},"end":{"line":279,"column":108},"skip":true},"91":{"start":{"line":283,"column":4},"end":{"line":283,"column":46}},"92":{"start":{"line":284,"column":4},"end":{"line":284,"column":20}},"93":{"start":{"line":286,"column":4},"end":{"line":290,"column":5}},"94":{"start":{"line":287,"column":8},"end":{"line":287,"column":39}},"95":{"start":{"line":289,"column":8},"end":{"line":289,"column":38}},"96":{"start":{"line":299,"column":0},"end":{"line":311,"column":2}},"97":{"start":{"line":300,"column":4},"end":{"line":303,"column":5}},"98":{"start":{"line":302,"column":8},"end":{"line":302,"column":15}},"99":{"start":{"line":304,"column":4},"end":{"line":309,"column":5}},"100":{"start":{"line":308,"column":8},"end":{"line":308,"column":15}},"101":{"start":{"line":310,"column":4},"end":{"line":310,"column":84}},"102":{"start":{"line":319,"column":0},"end":{"line":330,"column":2}},"103":{"start":{"line":320,"column":4},"end":{"line":320,"column":14}},"104":{"start":{"line":322,"column":4},"end":{"line":322,"column":28}},"105":{"start":{"line":324,"column":4},"end":{"line":324,"column":36}},"106":{"start":{"line":325,"column":4},"end":{"line":325,"column":47}},"107":{"start":{"line":326,"column":4},"end":{"line":326,"column":38}},"108":{"start":{"line":329,"column":4},"end":{"line":329,"column":24}},"109":{"start":{"line":337,"column":0},"end":{"line":358,"column":2}},"110":{"start":{"line":338,"column":4},"end":{"line":338,"column":43}},"111":{"start":{"line":339,"column":4},"end":{"line":339,"column":69}},"112":{"start":{"line":340,"column":4},"end":{"line":340,"column":14}},"113":{"start":{"line":342,"column":4},"end":{"line":349,"column":5}},"114":{"start":{"line":343,"column":8},"end":{"line":343,"column":54}},"115":{"start":{"line":344,"column":8},"end":{"line":344,"column":40}},"116":{"start":{"line":345,"column":8},"end":{"line":345,"column":52}},"117":{"start":{"line":347,"column":8},"end":{"line":347,"column":41}},"118":{"start":{"line":348,"column":8},"end":{"line":348,"column":40}},"119":{"start":{"line":351,"column":4},"end":{"line":351,"column":29}},"120":{"start":{"line":354,"column":4},"end":{"line":357,"column":7}},"121":{"start":{"line":355,"column":8},"end":{"line":355,"column":36}},"122":{"start":{"line":356,"column":8},"end":{"line":356,"column":29}},"123":{"start":{"line":371,"column":0},"end":{"line":392,"column":2}},"124":{"start":{"line":372,"column":4},"end":{"line":372,"column":21}},"125":{"start":{"line":374,"column":4},"end":{"line":376,"column":5}},"126":{"start":{"line":375,"column":8},"end":{"line":375,"column":15}},"127":{"start":{"line":378,"column":4},"end":{"line":378,"column":51}},"128":{"start":{"line":379,"column":4},"end":{"line":383,"column":5}},"129":{"start":{"line":380,"column":8},"end":{"line":380,"column":60}},"130":{"start":{"line":382,"column":8},"end":{"line":382,"column":40}},"131":{"start":{"line":384,"column":4},"end":{"line":384,"column":34}},"132":{"start":{"line":386,"column":4},"end":{"line":386,"column":23}},"133":{"start":{"line":388,"column":4},"end":{"line":388,"column":38}},"134":{"start":{"line":389,"column":4},"end":{"line":389,"column":22}},"135":{"start":{"line":391,"column":4},"end":{"line":391,"column":39}},"136":{"start":{"line":401,"column":0},"end":{"line":409,"column":1}},"137":{"start":{"line":402,"column":4},"end":{"line":402,"column":47}},"138":{"start":{"line":403,"column":4},"end":{"line":403,"column":111}},"139":{"start":{"line":405,"column":4},"end":{"line":405,"column":32}},"140":{"start":{"line":406,"column":4},"end":{"line":406,"column":46}},"141":{"start":{"line":408,"column":4},"end":{"line":408,"column":31}},"142":{"start":{"line":411,"column":0},"end":{"line":411,"column":25}}},"branchMap":{"1":{"line":172,"type":"if","locations":[{"start":{"line":172,"column":8},"end":{"line":172,"column":8}},{"start":{"line":172,"column":8},"end":{"line":172,"column":8}}]},"2":{"line":212,"type":"if","locations":[{"start":{"line":212,"column":8},"end":{"line":212,"column":8}},{"start":{"line":212,"column":8},"end":{"line":212,"column":8}}]},"3":{"line":240,"type":"if","locations":[{"start":{"line":240,"column":4},"end":{"line":240,"column":4}},{"start":{"line":240,"column":4},"end":{"line":240,"column":4}}]},"4":{"line":250,"type":"if","locations":[{"start":{"line":250,"column":4},"end":{"line":250,"column":4}},{"start":{"line":250,"column":4},"end":{"line":250,"column":4}}]},"5":{"line":254,"type":"if","locations":[{"start":{"line":254,"column":8},"end":{"line":254,"column":8}},{"start":{"line":254,"column":8},"end":{"line":254,"column":8}}]},"6":{"line":274,"type":"if","locations":[{"start":{"line":274,"column":4},"end":{"line":274,"column":4},"skip":true},{"start":{"line":274,"column":4},"end":{"line":274,"column":4},"skip":true}]},"7":{"line":276,"type":"if","locations":[{"start":{"line":276,"column":8},"end":{"line":276,"column":8},"skip":true},{"start":{"lin
[...]
"(anonymous_3)","line":55,"loc":{"start":{"line":55,"column":21},"end":{"line":55,"column":41}}},"4":{"name":"(anonymous_4)","line":76,"loc":{"start":{"line":76,"column":25},"end":{"line":76,"column":37}}},"5":{"name":"(anonymous_5)","line":80,"loc":{"start":{"line":80,"column":14},"end":{"line":80,"column":26}}}},"statementMap":{"1":{"start":{"line":3,"column":0},"end":{"line":3,"column":46}},"2":{"start":{"line":4,"column":0},"end":{"line":4,"column":53}},"3":{"start":{"line":6,"column":0},"end":{"line":6,"column":34}},"4":{"start":{"line":16,"column":0},"end":{"line":18,"column":1}},"5":{"start":{"line":17,"column":4},"end":{"line":17,"column":54}},"6":{"start":{"line":25,"column":0},"end":{"line":25,"column":30}},"7":{"start":{"line":33,"column":0},"end":{"line":33,"column":26}},"8":{"start":{"line":41,"column":0},"end":{"line":44,"column":2}},"9":{"start":{"line":42,"column":4},"end":{"line":42,"column":27}},"10":{"start":{"line":43,"column":4},"end":{"line":43,"column":18}},"11":{"start":{"line":55,"column":0},"end":{"line":67,"column":2}},"12":{"start":{"line":56,"column":4},"end":{"line":56,"column":33}},"13":{"start":{"line":58,"column":4},"end":{"line":58,"column":20}},"14":{"start":{"line":60,"column":4},"end":{"line":66,"column":34}},"15":{"start":{"line":76,"column":0},"end":{"line":83,"column":2}},"16":{"start":{"line":77,"column":4},"end":{"line":77,"column":20}},"17":{"start":{"line":79,"column":4},"end":{"line":82,"column":11}},"18":{"start":{"line":81,"column":12},"end":{"line":81,"column":32}},"19":{"start":{"line":85,"column":0},"end":{"line":85,"column":22}}},"branchMap":{},"code":["\"use strict\";","","var serializeFn = require(\"./serializeFn.js\");","var phantomMethods = require(\"./phantom/methods.js\");","","var slice = Array.prototype.slice;","","/**"," * A wrapper to run code within the context of a specific PhantomJS webpage."," *"," * @see http://phantomjs.org/api/webpage/"," * @param {Phantom} phantom the parent PhantomJS instance"," * @param {number} id internal page id"," * @constructor"," */","function Page(phantom, id) {","    Page.prototype.constructor.apply(this, arguments);","}","","/**"," * The parent phantom instance."," *"," * @type {Phantom}"," */","Page.prototype.phantom = null;","","/**"," * The internal page id."," *"," * @private"," * @type {number}"," */","Page.prototype._id = null;","","/**"," * Initializes the page instance."," *"," * @param {Phantom} phantom"," * @param {number} id"," */","Page.prototype.constructor = function (phantom, id) {","    this.phantom = phantom;","    this._id = id;","};","","/**"," * Stringifies the given function fn, sends it to PhantomJS and runs it in the context of a particular PhantomJS webpage."," * The PhantomJS webpage will be available as `this`. You may prepend any number of arguments which will be passed"," * to fn inside of PhantomJS. Please note that all arguments should be stringifyable with JSON.stringify()."," *"," * @param {...*} args"," * @param {Function} fn"," * @returns {Promise}"," */","Page.prototype.run = function (args, fn) {","    args = slice.call(arguments);","","    fn = args.pop();","","    return this.phantom._send({","        action: \"run-on-page\",","        data: {","            src: serializeFn(fn, args),","            pageId: this._id","        }","    }, args.length === fn.length);","};","","/**"," * Runs a function inside of PhantomJS to cleanup memory. Call this function if you intent to not use the page-object"," * anymore."," *"," * @see http://msdn.microsoft.com/en-us/library/system.idisposable.aspx"," * @returns {Promise}"," */","Page.prototype.dispose = function () {","    var self = this;","","    return this.run(this._id, phantomMethods.disposePage)","        .then(function () {","            self.phantom = null;","        });","};","","module.exports = Page;",""],"l":{"3":1,"4":1,"6":1,"16":1,"17":0,"25":1,"33":1,"41":1,"42":0,"43":0,"55":1,"56":0,"58":0,"60":0,"76":1,"77":0,"79":0,"81":0,"85":1}},"/home/travis/build/npmtest/node-npmtest-phridge/node_modules/phridge/lib/serializeFn.js":{"path":"/home/travis/build/npmtest/node-npmtest-phridge/node_modules/phridge/lib/serializeFn.js","s":{"1":1,"2":0,"3":0,"4":0,"5":0,"6":0,"7":0,"8":0,"9":0,"10":0,"11":1},"b":{"1":[0,0]},"f":{"1":0},"fnMap":{"1":{"name":"serializeFn","line":10,"loc":{"start":{"line":10,"column":0},"end":{"line":10,"column":31}}}},"statementMap":{"1":{"start":{"line":10,"column":0},"end":{"line":26,"column":1}},"2":{"start":{"line":11,"column":4},"end":{"line":11,"column":45}},"3":{"start":{"line":12,"column":4},"end":{"line":12,"column":12}},"4":{"start":{"line":14,"column":4},"end":{"line":14,"column":36}},"5":{"start":{"line":15,"column":4},"end":{"line":15,"column":28}},"6":{"start":{"line":17,"column":4},"end":{"line":22,"column":5}},"7":{"start":{"line":18,"column":8},"end":{"line":18,"column":76}},"8":{"start":{"line":20,"column":8},"end":{"line":20,"column":39}},"9":{"start":{"line":21,"column":8},"end":{"line":21,"column":67}},"10":{"start":{"line":25,"column":4},"end":{"line":25,"column":44}},"11":{"start":{"line":28,"column":0},"end":{"line":28,"column":29}}},"branchMap":{"1":{"line":17,"type":"if","locations":[{"start":{"line":17,"column":4},"end":{"line":17,"column":4}},{"start":{"line":17,"column":4},"end":{"line":17,"column":4}}]}},"code":["\"use strict\";","","/**"," * Serializes the function and its arguments to send it to stdin."," *"," * @param {Function} fn"," * @param {Array} args"," * @returns {string}"," */","function serializeFn(fn, args) {","    var fnIsSync = args.length === fn.length;","    var src;","","    args = args.map(JSON.stringify);","    args.unshift(\"context\");","","    if (fnIsSync) {","        src = \"resolve((\" + fn.toString() + \").call(\" + args.join() + \"));\";","    } else {","        args.push(\"resolve\", \"reject\");","        src = \"(\" + fn.toString() + \").call(\" + args.join() + \");\";","    }","","    // Currently sourceURLs aren't supported by PhantomJS but maybe in the future","    return src + \"//# sourceURL=phridge.js\";","}","","module.exports = serializeFn;"],"l":{"10":1,"11":0,"12":0,"14":0,"15":0,"17":0,"18":0,"20":0,"21":0,"25":0,"28":1}},"/home/travis/build/npmtest/node-npmtest-phridge/node_modules/phridge/lib/phantom/methods.js":{"path":"/home/travis/build/npmtest/node-npmtest-phridge/node_modules/phridge/lib/phantom/methods.js","s":{"1":1,"2":0,"3":0,"4":0,"5":0,"6":1,"7":0,"8":0,"9":0,"10":0,"11":1,"12":0,"13":0,"14":1,"15":1,"16":1},"b":{"1":[0,0]},"f":{"1":0,"2":0,"3":0,"4":0,"5":0,"6":0},"fnMap":{"1":{"name":"openPage","line":13,"loc":{"start":{"line":13,"column":0},"end":{"line":13,"column":40}}},"2":{"name":"onPageLoaded","line":14,"loc":{"start":{"line":14,"column":19},"end":{"line":14,"column":49}}},"3":{"name":"exitPhantom","line":27,"loc":{"start":{"line":27,"column":0},"end":{"line":27,"column":23}}},"4":{"name":"(anonymous_4)","line":28,"loc":{"start":{"line":28,"column":31},"end":{"line":28,"column":49}}},"5":{"name":"(anonymous_5)","line":36,"loc":{"start":{"line":36,"column":15},"end":{"line":36,"column":27}}},"6":{"name":"disposePage","line":47,"loc":{"start":{"line":47,"column":0},"end":{"line":47,"column":29}}}},"statementMap":{"1":{"start":{"line":13,"column":0},"end":{"line":20,"column":1}},"2":{"start":{"line":14,"column":4},"end":{"line":19,"column":7}},"3":{"start":{"line":15,"column":8},"end":{"line":17,"column":9}},"4":{"start":{"line":16,"column":12},"end":{"line":16,"column":101}},"5":{"start":{"line":18,"column":8},"end":{"line":18,"column":18}},"6":{"start":{"line":27,"column":0},"end":{"line":39,"column":1}},"7":{"start":{"line":28,"column":4},"end":{"line":31,"column":7}},"8":{"start":{"line":30,"column":8},"end":{"line":30,"column":30}},"9":{"start":{"line":36,"column":4},"end":{"line":38,"column":10}},"10":{"start":{"line":37,"column":8},"end":{"line":37,"column":24}},"11":{"start":{"line":47,"column":0},"end":{"line":50,"column":1}},"12":{"start":{"line":48,"column":4},"end":{"line":48,"column":26}},"13":{"start":{"line":49,"column":4},"end":{"line":49,"column":25}},"14":{"start":{"line":52,"column":0},"end":{"line":52,"column":28}},"15":{"start":{"line":53,"column":0},"end":{"line":53,"column":34}},"16":{"start":{"line":54,"column":0},"end":{"line":54,"column":34}}},"branchMap":{"1":{"line":15,"type":"if","locations":[{"start":{"line":15,"column":8},"end":{"line":15,"column":8}},{"start":{"line":15,"column":8},"end":{"line":15,"column":8}}]}},"code":["\"use strict\";","","/**"," * Opens the given page and resolves when PhantomJS called back."," * Will be executed inside of PhantomJS."," *"," * @private"," * @this Page"," * @param {string} url"," * @param {Function} resolve"," * @param {Function} reject"," */","function openPage(url, resolve, reject) { /* jshint validthis: true */","    this.open(url, function onPageLoaded(status) {","        if (status !== \"success\") {","            return reject(new Error(\"Cannot load \" + url + \": PhantomJS returned status \" + status));","        }","        resolve();","    });","}","","/**"," * Calls phantom.exit() with errorcode 0"," *"," * @private"," */","function exitPhantom() { /* global phantom */","    Object.keys(pages).forEach(function (pageId) {","        // Closing all pages just to cleanup properly","        pages[pageId].close();","    });","","    // Using setTimeout(0) to ensure that all JS code still waiting in the queue is executed before exiting","    // Otherwise PhantomJS prints a confusing security warning","    // @see https://github.com/ariya/phantomjs/commit/1eec21ed5c887bf21a1a6833da3c98c68401d90e","    setTimeout(function () {","        phantom.exit(0);","    }, 0);","}","","/**"," * Cleans all references to a specific page."," *"," * @private"," * @param {number} pageId"," */","function disposePage(pageId) { /* global pages */","    pages[pageId].close();","    delete pages[pageId];","}","","exports.openPage = openPage;","exports.exitPhantom = exitPhantom;","exports.disposePage = disposePage;",""],"l":{"13":1,"14":0,"15":0,"16":0,"18":0,"27":1,"28":0,"30":0,"36":0,"37":0,"47":1,"48":0,"49":0,"52":1,"53":1,"54":1}},"/home/travis/build/npmtest/node-npmtest-phridge/node_modules/phridge/lib/forkStdout.js":{"path":"/home/travis/build/npmtest/node-npmtest-phridge/node_modules/phridge/lib/forkStdout.js","s":{"1":1,"2":1,"3":1,"4":1,"5":1,"6":1,"7":1,"8":0,"9":0,"10":0,"11":0,"12":0,"13":0,"14":0,"15":0,"16":0,"17":0,"18":0,"19":1,"20":0,"21":1,"22":1,"23":0,"24":0,"25":1,"26":0,"27":1,"28":1,"29":0,"30":0,"31":1},"b":{},"f":{"1":0,"2":0,"3":0,"4":0,"5":0,"6":0},"fnMap":{"1":{"name":"forkStdout","line":19,"loc":{"start":{"line":19,"column":0},"end":{"line":19,"column":28}}},"2":{"name":"(anonymous_2)","line":28,"loc":{"start":{"line":28,"column":20},"end":{"line":28,"column":43}}},"3":{"name":"RestoreLineBreaks","line":62,"loc":{"start":{"line":62,"column":0},"end":{"line":62,"column":36}}},"4":{"name":"(anonymous_4)","line":67,"loc":{"start":{"line":67,"column":41},"end":{"line":67,"column":67}}},"5":{"name":"CropPhridgePrefix","line":79,"loc":{"start":{"line":79,"column":0},"end":{"line":79,"column":36}}},"6":{"name":"(anonymous_6)","line":84,"loc":{"start":{"line":84,"column":41},"end":{"line":84,"column":67}}}},"statementMap":{"1":{"start":{"line":3,"column":0},"end":{"line":3,"column":23}},"2":{"start":{"line":4,"column":0},"end":{"line":4,"column":27}},"3":{"start":{"line":5,"column":0},"end":{"line":5,"column":40}},"4":{"start":{"line":6,"column":0},"end":{"line":6,"column":41}},"5":{"start":{"line":7,"column":0},"end":{"line":7,"column":44}},"6":{"start":{"line":9,"column":0},"end":{"line":9,"column":40}},"7":{"start":{"line":19,"column":0},"end":{"line":53,"column":1}},"8":{"start":{"line":20,"column":4},"end":{"line":20,"column":13}},"9":{"start":{"line":21,"column":4},"end":{"line":21,"column":24}},"10":{"start":{"line":22,"column":4},"end":{"line":22,"column":28}},"11":{"start":{"line":25,"column":4},"end":{"line":25,"column":31}},"12":{"start":{"line":27,"column":4},"end":{"line":33,"column":7}},"13":{"start":{"line":29,"column":12},"end":{"line":30,"column":48}},"14":{"start":{"line":31,"column":12},"end":{"line":31,"column":48}},"15":{"start":{"line":35,"column":4},"end":{"line":37,"column":20}},"16":{"start":{"line":40,"column":4},"end":{"line":42,"column":8}},"17":{"start":{"line":45,"column":4},"end":{"line":47,"column":8}},"18":{"start":{"line":49,"column":4},"end":{"line":52,"column":6}},"19":{"start":{"line":62,"column":0},"end":{"line":64,"column":1}},"20":{"start":{"line":63,"column":4},"end":{"line":63,"column":34}},"21":{"start":{"line":65,"column":0},"end":{"line":65,"column":44}},"22":{"start":{"line":67,"column":0},"end":{"line":70,"column":2}},"23":{"start":{"line":68,"column":4},"end":{"line":68,"column":30}},"24":{"start":{"line":69,"column":4},"end":{"line":69,"column":9}},"25":{"start":{"line":79,"column":0},"end":{"line":81,"column":1}},"26":{"start":{"line":80,"column":4},"end":{"line":80,"column":34}},"27":{"start":{"line":82,"column":0},"end":{"line":82,"column":44}},"28":{"start":{"line":84,"column":0},"end":{"line":87,"column":2}},"29":{"start":{"line":85,"column":4},"end":{"line":85,"column":49}},"30":{"start":{"line":86,"column":4},"end":{"line":86,"column":9}},"31":{"start":{"line":89,"column":0},"end":{"line":89,"column":28}}},"branchMap":{},"code":["\"use strict\";","","var os = require(\"os\");","var util = require(\"util\");","var ForkStream = require(\"fork-stream\");","var Linerstream = require(\"linerstream\");","var Transform = require(\"stream\").Transform;","","var messageToNode = \"message to node: \";","","/**"," * Creates a fork stream which pipes messages starting with 'message to node: ' to our phridge stream"," * and any other message to the other stream. Thus console.log() inside PhantomJS is still printed to the"," * console while using stdout as communication channel for phridge."," *"," * @param {stream.Readable} stdout"," * @returns {{phridge: stream.Readable, cleanStdout: stream.Readable}}"," */","function forkStdout(stdout) {","    var fork;","    var phridgeEndpoint;","    var cleanStdoutEndpoint;","","    // Expecting a character stream because we're splitting messages by an EOL-character","    stdout.setEncoding(\"utf8\");","","    fork = new ForkStream({","        classifier: function (chunk, done) {","            chunk = chunk","                .slice(0, messageToNode.length);","            done(null, chunk === messageToNode);","        }","    });","","    stdout","        .pipe(new Linerstream())","        .pipe(fork);","","    // Removes the 'message to node: '-prefix from every chunk.","    phridgeEndpoint = fork.a.pipe(new CropPhridgePrefix({","        encoding: \"utf8\"","    }));","","    // We need to restore EOL-character in stdout stream","    cleanStdoutEndpoint = fork.b.pipe(new RestoreLineBreaks({","        encoding: \"utf8\"","    }));","","    return {","        phridge: phridgeEndpoint,","        cleanStdout: cleanStdoutEndpoint","    };","}","","/**"," * Appends an EOL-character to every chunk."," *"," * @param {Object} options stream options"," * @constructor"," * @private"," */","function RestoreLineBreaks(options) {","    Transform.call(this, options);","}","util.inherits(RestoreLineBreaks, Transform);","","RestoreLineBreaks.prototype._transform = function (chunk, enc, cb) {","    this.push(chunk + os.EOL);","    cb();","};","","/**"," * Removes the 'message to node: '-prefix from every chunk."," *"," * @param {Object} options stream options"," * @constructor"," * @private"," */","function CropPhridgePrefix(options) {","    Transform.call(this, options);","}","util.inherits(CropPhridgePrefix, Transform);","","CropPhridgePrefix.prototype._transform = function (chunk, enc, cb) {","    this.push(chunk.slice(messageToNode.length));","    cb();","};","","module.exports = forkStdout;",""],"l":{"3":1,"4":1,"5":1,"6":1,"7":1,"9":1,"19":1,"20":0,"21":0,"22":0,"25":0,"27":0,"29":0,"31":0,"35":0,"40":0,"45":0,"49":0,"62":1,"63":0,"65":1,"67":1,"68":0,"69":0,"79":1,"80":0,"82":1,"84":1,"85":0,"86":0,"89":1}},"/home/travis/build/npmtest/node-npmtest-phridge/node_modules/phridge/lib/lift.js":{"path":"/home/travis/build/npmtest/node-npmtest-phridge/node_modules/phridge/lib/lift.js","s":{"1":1,"2":1,"3":3,"4":0,"5":0,"6":0,"7":0,"8":0,"9":0,"10":1},"b":{"1":[0,0]},"f":{"1":3,"2":0,"3":0,"4":0},"fnMap":{"1":{"name":"lift","line":5,"loc":{"start":{"line":5,"column":0},"end":{"line":5,"column":18}}},"2":{"name":"(anonymous_2)","line":10,"loc":{"start":{"line":10,"column":11},"end":{"line":10,"column":23}}},"3":{"name":"(anonymous_3)","line":14,"loc":{"start":{"line":14,"column":27},"end":{"line":14,"column":54}}},"4":{"name":"(anonymous_4)","line":15,"loc":{"start":{"line":15,"column":22},"end":{"line":15,"column":45}}}},"statementMap":{"1":{"start":{"line":3,"column":0},"end":{"line":3,"column":34}},"2":{"start":{"line":5,"column":0},"end":{"line":21,"column":1}},"3":{"start":{"line":10,"column":4},"end":{"line":20,"column":6}},"4":{"start":{"line":11,"column":8},"end":{"line":11,"column":41}},"5":{"start":{"line":12,"column":8},"end":{"line":12,"column":23}},"6":{"start":{"line":14,"column":8},"end":{"line":19,"column":11}},"7":{"start":{"line":15,"column":12},"end":{"line":17,"column":15}},"8":{"start":{"line":16,"column":16},"end":{"line":16,"column":52}},"9":{"start":{"line":18,"column":12},"end":{"line":18,"column":32}},"10":{"start":{"line":23,"column":0},"end":{"line":23,"column":22}}},"branchMap":{"1":{"line":16,"type":"cond-expr","locations":[{"start":{"line":16,"column":22},"end":{"line":16,"column":33}},{"start":{"line":16,"column":36},"end":{"line":16,"column":51}}]}},"code":["\"use strict\";","","var slice = Array.prototype.slice;","","function lift(fn) {","    /**","     * @this ctx","     * @returns {Promise}","     */","    return function () {","        var args = slice.call(arguments);","        var ctx = this;","","        return new Promise(function (resolve, reject) {","            args.push(function (err, result) {","                err ? reject(err) : resolve(result);","            });","            fn.apply(ctx, args);","        });","    };","}","","module.exports = lift;",""],"l":{"3":1,"5":1,"10":3,"11":0,"12":0,"14":0,"15":0,"16":0,"18":0,"23":1}},"/home/travis/build/npmtest/node-npmtest-phridge/node_modules/phridge/lib/disposeAll.js":{"path":"/home/travis/build/npmtest/node-npmtest-phridge/node_modules/phridge/lib/disposeAll.js","s":{"1":1,"2":1,"3":0,"4":0,"5":1,"6":0,"7":1},"b":{},"f":{"1":0,"2":0},"fnMap":{"1":{"name":"disposeAll","line":11,"loc":{"start":{"line":11,"column":0},"end":{"line":11,"column":22}}},"2":{"name":"exit","line":22,"loc":{"start":{"line":22,"column":0},"end":{"line":22,"column":23}}}},"statementMap":{"1":{"start":{"line":3,"column":0},"end":{"line":3,"column":42}},"2":{"start":{"line":11,"column":0},"end":{"line":15,"column":1}},"3":{"start":{"line":12,"column":4},"end":{"line":12,"column":34}},"4":{"start":{"line":14,"column":4},"end":{"line":14,"column":39}},"5":{"start":{"line":22,"column":0},"end":{"line":24,"column":1}},"6":{"start":{"line":23,"column":4},"end":{"line":23,"column":29}},"7":{"start":{"line":26,"column":0},"end":{"line":26,"column":28}}},"branchMap":{},"code":["\"use strict\";","","var instances = require(\"./instances.js\");","","/**"," * Terminates all running PhantomJS processes. Returns a Promises/A+ compliant promise"," * which resolves when a processes terminated cleanly."," *"," * @returns {Promise}"," */","function disposeAll() {","    var copy = instances.slice(0); // copy the array because phantom.dispose() will modify it","","    return Promise.all(copy.map(exit));","}","","/**"," * @private"," * @param {Phantom} phantom"," * @returns {Promise}"," */","function exit(phantom) {","    return phantom.dispose();","}","","module.exports = disposeAll;",""],"l":{"3":1,"11":1,"12":0,"14":0,"22":1,"23":0,"26":1}}}